{"C:\\Users\\User\\cohort-9-mern-7844-areeba\\backend\\src\\app.js":{"path":"C:\\Users\\User\\cohort-9-mern-7844-areeba\\backend\\src\\app.js","statementMap":{"0":{"start":{"line":1,"column":16},"end":{"line":1,"column":34}},"1":{"start":{"line":2,"column":13},"end":{"line":2,"column":28}},"2":{"start":{"line":3,"column":15},"end":{"line":3,"column":32}},"3":{"start":{"line":4,"column":17},"end":{"line":4,"column":37}},"4":{"start":{"line":5,"column":15},"end":{"line":5,"column":41}},"5":{"start":{"line":6,"column":48},"end":{"line":6,"column":84}},"6":{"start":{"line":8,"column":12},"end":{"line":8,"column":21}},"7":{"start":{"line":9,"column":0},"end":{"line":9,"column":18}},"8":{"start":{"line":10,"column":20},"end":{"line":13,"column":1}},"9":{"start":{"line":14,"column":0},"end":{"line":14,"column":27}},"10":{"start":{"line":15,"column":0},"end":{"line":15,"column":41}},"11":{"start":{"line":16,"column":0},"end":{"line":16,"column":30}},"12":{"start":{"line":17,"column":0},"end":{"line":17,"column":53}},"13":{"start":{"line":18,"column":0},"end":{"line":18,"column":54}},"14":{"start":{"line":19,"column":0},"end":{"line":21,"column":3}},"15":{"start":{"line":20,"column":2},"end":{"line":20,"column":72}},"16":{"start":{"line":22,"column":0},"end":{"line":22,"column":25}},"17":{"start":{"line":23,"column":0},"end":{"line":23,"column":28}},"18":{"start":{"line":26,"column":0},"end":{"line":26,"column":21}}},"fnMap":{"0":{"name":"(anonymous_0)","decl":{"start":{"line":19,"column":23},"end":{"line":19,"column":24}},"loc":{"start":{"line":19,"column":37},"end":{"line":21,"column":1}},"line":19}},"branchMap":{"0":{"loc":{"start":{"line":11,"column":10},"end":{"line":11,"column":59}},"type":"binary-expr","locations":[{"start":{"line":11,"column":10},"end":{"line":11,"column":32}},{"start":{"line":11,"column":36},"end":{"line":11,"column":59}}],"line":11}},"s":{"0":1,"1":1,"2":1,"3":1,"4":1,"5":1,"6":1,"7":1,"8":1,"9":1,"10":1,"11":1,"12":1,"13":1,"14":1,"15":0,"16":1,"17":1,"18":1},"f":{"0":0},"b":{"0":[1,0]},"_coverageSchema":"1a1c01bbd47fc00a2c39e90264f33305004495a9","hash":"ec41a34140d7505cc686ac93183271e012022c0a","contentHash":"6912c863ba74d16e5e135d5ab4ae770a9f6ebaa03ed17e43301bca6330423b8f"},"C:\\Users\\User\\cohort-9-mern-7844-areeba\\backend\\src\\config\\logger.js":{"path":"C:\\Users\\User\\cohort-9-mern-7844-areeba\\backend\\src\\config\\logger.js","statementMap":{"0":{"start":{"line":1,"column":13},"end":{"line":1,"column":28}},"1":{"start":{"line":3,"column":15},"end":{"line":9,"column":2}},"2":{"start":{"line":11,"column":0},"end":{"line":11,"column":24}}},"fnMap":{},"branchMap":{"0":{"loc":{"start":{"line":4,"column":9},"end":{"line":4,"column":40}},"type":"binary-expr","locations":[{"start":{"line":4,"column":9},"end":{"line":4,"column":30}},{"start":{"line":4,"column":34},"end":{"line":4,"column":40}}],"line":4},"1":{"loc":{"start":{"line":6,"column":4},"end":{"line":8,"column":17}},"type":"cond-expr","locations":[{"start":{"line":7,"column":8},"end":{"line":7,"column":62}},{"start":{"line":8,"column":8},"end":{"line":8,"column":17}}],"line":6}},"s":{"0":1,"1":1,"2":1},"f":{},"b":{"0":[1,0],"1":[0,1]},"_coverageSchema":"1a1c01bbd47fc00a2c39e90264f33305004495a9","hash":"ef391309675d296b30b2e60778b08e3248b3e31b","contentHash":"8e7fb7e91c0e3e617b22f2352238df8cf749264139b01d83ee58226eacbca3d5"},"C:\\Users\\User\\cohort-9-mern-7844-areeba\\backend\\src\\middleware\\errorHandler.js":{"path":"C:\\Users\\User\\cohort-9-mern-7844-areeba\\backend\\src\\middleware\\errorHandler.js","statementMap":{"0":{"start":{"line":1,"column":15},"end":{"line":1,"column":42}},"1":{"start":{"line":4,"column":4},"end":{"line":4,"column":19}},"2":{"start":{"line":5,"column":4},"end":{"line":5,"column":33}},"3":{"start":{"line":6,"column":4},"end":{"line":6,"column":27}},"4":{"start":{"line":7,"column":4},"end":{"line":7,"column":30}},"5":{"start":{"line":8,"column":4},"end":{"line":8,"column":52}},"6":{"start":{"line":11,"column":21},"end":{"line":12,"column":49}},"7":{"start":{"line":11,"column":29},"end":{"line":12,"column":49}},"8":{"start":{"line":12,"column":2},"end":{"line":12,"column":49}},"9":{"start":{"line":13,"column":27},"end":{"line":35,"column":1}},"10":{"start":{"line":15,"column":19},"end":{"line":15,"column":40}},"11":{"start":{"line":16,"column":2},"end":{"line":18,"column":3}},"12":{"start":{"line":17,"column":4},"end":{"line":17,"column":21}},"13":{"start":{"line":19,"column":24},"end":{"line":19,"column":50}},"14":{"start":{"line":21,"column":2},"end":{"line":29,"column":4}},"15":{"start":{"line":30,"column":2},"end":{"line":34,"column":5}},"16":{"start":{"line":36,"column":24},"end":{"line":38,"column":1}},"17":{"start":{"line":37,"column":2},"end":{"line":37,"column":64}},"18":{"start":{"line":39,"column":0},"end":{"line":39,"column":81}}},"fnMap":{"0":{"name":"(anonymous_0)","decl":{"start":{"line":3,"column":2},"end":{"line":3,"column":3}},"loc":{"start":{"line":3,"column":57},"end":{"line":9,"column":3}},"line":3},"1":{"name":"(anonymous_1)","decl":{"start":{"line":11,"column":21},"end":{"line":11,"column":22}},"loc":{"start":{"line":11,"column":29},"end":{"line":12,"column":49}},"line":11},"2":{"name":"(anonymous_2)","decl":{"start":{"line":11,"column":29},"end":{"line":11,"column":30}},"loc":{"start":{"line":12,"column":2},"end":{"line":12,"column":49}},"line":12},"3":{"name":"(anonymous_3)","decl":{"start":{"line":13,"column":27},"end":{"line":13,"column":28}},"loc":{"start":{"line":13,"column":52},"end":{"line":35,"column":1}},"line":13},"4":{"name":"(anonymous_4)","decl":{"start":{"line":36,"column":24},"end":{"line":36,"column":25}},"loc":{"start":{"line":36,"column":44},"end":{"line":38,"column":1}},"line":36}},"branchMap":{"0":{"loc":{"start":{"line":3,"column":23},"end":{"line":3,"column":39}},"type":"default-arg","locations":[{"start":{"line":3,"column":36},"end":{"line":3,"column":39}}],"line":3},"1":{"loc":{"start":{"line":3,"column":41},"end":{"line":3,"column":55}},"type":"default-arg","locations":[{"start":{"line":3,"column":51},"end":{"line":3,"column":55}}],"line":3},"2":{"loc":{"start":{"line":15,"column":19},"end":{"line":15,"column":40}},"type":"binary-expr","locations":[{"start":{"line":15,"column":19},"end":{"line":15,"column":33}},{"start":{"line":15,"column":37},"end":{"line":15,"column":40}}],"line":15},"3":{"loc":{"start":{"line":16,"column":2},"end":{"line":18,"column":3}},"type":"if","locations":[{"start":{"line":16,"column":2},"end":{"line":18,"column":3}},{"start":{},"end":{}}],"line":16},"4":{"loc":{"start":{"line":16,"column":6},"end":{"line":16,"column":42}},"type":"binary-expr","locations":[{"start":{"line":16,"column":6},"end":{"line":16,"column":22}},{"start":{"line":16,"column":26},"end":{"line":16,"column":42}}],"line":16},"5":{"loc":{"start":{"line":19,"column":24},"end":{"line":19,"column":50}},"type":"binary-expr","locations":[{"start":{"line":19,"column":24},"end":{"line":19,"column":41}},{"start":{"line":19,"column":45},"end":{"line":19,"column":50}}],"line":19},"6":{"loc":{"start":{"line":32,"column":13},"end":{"line":32,"column":66}},"type":"cond-expr","locations":[{"start":{"line":32,"column":29},"end":{"line":32,"column":40}},{"start":{"line":32,"column":43},"end":{"line":32,"column":66}}],"line":32},"7":{"loc":{"start":{"line":33,"column":8},"end":{"line":33,"column":70}},"type":"binary-expr","locations":[{"start":{"line":33,"column":8},"end":{"line":33,"column":46}},{"start":{"line":33,"column":50},"end":{"line":33,"column":70}}],"line":33}},"s":{"0":1,"1":16,"2":16,"3":16,"4":16,"5":16,"6":1,"7":11,"8":88,"9":1,"10":13,"11":13,"12":0,"13":13,"14":13,"15":13,"16":1,"17":0,"18":1},"f":{"0":16,"1":11,"2":88,"3":13,"4":0},"b":{"0":[0],"1":[16],"2":[13,0],"3":[0,13],"4":[13,13],"5":[13,0],"6":[13,0],"7":[13,0]},"_coverageSchema":"1a1c01bbd47fc00a2c39e90264f33305004495a9","hash":"227cded1820b5effa8efb4c850fff52ebf5f4059","contentHash":"22bcb8afc7c56abc8525d6a4e68efb009fb285c698d279522b2b480e49e71045"},"C:\\Users\\User\\cohort-9-mern-7844-areeba\\backend\\src\\routes\\authRoutes.js":{"path":"C:\\Users\\User\\cohort-9-mern-7844-areeba\\backend\\src\\routes\\authRoutes.js","statementMap":{"0":{"start":{"line":1,"column":16},"end":{"line":1,"column":34}},"1":{"start":{"line":2,"column":76},"end":{"line":2,"column":116}},"2":{"start":{"line":3,"column":20},"end":{"line":3,"column":59}},"3":{"start":{"line":5,"column":15},"end":{"line":5,"column":31}},"4":{"start":{"line":7,"column":0},"end":{"line":7,"column":35}},"5":{"start":{"line":8,"column":0},"end":{"line":8,"column":29}},"6":{"start":{"line":9,"column":0},"end":{"line":9,"column":34}},"7":{"start":{"line":10,"column":0},"end":{"line":10,"column":58}},"8":{"start":{"line":12,"column":0},"end":{"line":12,"column":24}}},"fnMap":{},"branchMap":{},"s":{"0":1,"1":1,"2":1,"3":1,"4":1,"5":1,"6":1,"7":1,"8":1},"f":{},"b":{},"_coverageSchema":"1a1c01bbd47fc00a2c39e90264f33305004495a9","hash":"bc1e82778c2d78778fdd452c3d5e7b31cdf230b3","contentHash":"e8d4a1294fb726f860c3c659de78d14d3bc0809a002e71b7f07d8ec2d29f92bd"},"C:\\Users\\User\\cohort-9-mern-7844-areeba\\backend\\src\\controllers\\authController.js":{"path":"C:\\Users\\User\\cohort-9-mern-7844-areeba\\backend\\src\\controllers\\authController.js","statementMap":{"0":{"start":{"line":1,"column":35},"end":{"line":1,"column":72}},"1":{"start":{"line":2,"column":20},"end":{"line":2,"column":54}},"2":{"start":{"line":4,"column":17},"end":{"line":14,"column":2}},"3":{"start":{"line":5,"column":36},"end":{"line":5,"column":44}},"4":{"start":{"line":6,"column":2},"end":{"line":8,"column":3}},"5":{"start":{"line":7,"column":4},"end":{"line":7,"column":93}},"6":{"start":{"line":9,"column":26},"end":{"line":9,"column":83}},"7":{"start":{"line":10,"column":2},"end":{"line":13,"column":5}},"8":{"start":{"line":16,"column":14},"end":{"line":27,"column":2}},"9":{"start":{"line":17,"column":30},"end":{"line":17,"column":38}},"10":{"start":{"line":18,"column":2},"end":{"line":20,"column":3}},"11":{"start":{"line":19,"column":4},"end":{"line":19,"column":70}},"12":{"start":{"line":21,"column":26},"end":{"line":21,"column":74}},"13":{"start":{"line":23,"column":2},"end":{"line":26,"column":5}},"14":{"start":{"line":29,"column":14},"end":{"line":34,"column":2}},"15":{"start":{"line":30,"column":2},"end":{"line":33,"column":5}},"16":{"start":{"line":36,"column":23},"end":{"line":43,"column":2}},"17":{"start":{"line":37,"column":43},"end":{"line":37,"column":51}},"18":{"start":{"line":38,"column":2},"end":{"line":40,"column":3}},"19":{"start":{"line":39,"column":4},"end":{"line":39,"column":76}},"20":{"start":{"line":41,"column":2},"end":{"line":41,"column":79}},"21":{"start":{"line":42,"column":2},"end":{"line":42,"column":85}},"22":{"start":{"line":45,"column":0},"end":{"line":45,"column":60}}},"fnMap":{"0":{"name":"(anonymous_0)","decl":{"start":{"line":4,"column":30},"end":{"line":4,"column":31}},"loc":{"start":{"line":4,"column":50},"end":{"line":14,"column":1}},"line":4},"1":{"name":"(anonymous_1)","decl":{"start":{"line":16,"column":27},"end":{"line":16,"column":28}},"loc":{"start":{"line":16,"column":47},"end":{"line":27,"column":1}},"line":16},"2":{"name":"(anonymous_2)","decl":{"start":{"line":29,"column":27},"end":{"line":29,"column":28}},"loc":{"start":{"line":29,"column":47},"end":{"line":34,"column":1}},"line":29},"3":{"name":"(anonymous_3)","decl":{"start":{"line":36,"column":36},"end":{"line":36,"column":37}},"loc":{"start":{"line":36,"column":56},"end":{"line":43,"column":1}},"line":36}},"branchMap":{"0":{"loc":{"start":{"line":6,"column":2},"end":{"line":8,"column":3}},"type":"if","locations":[{"start":{"line":6,"column":2},"end":{"line":8,"column":3}},{"start":{},"end":{}}],"line":6},"1":{"loc":{"start":{"line":6,"column":6},"end":{"line":6,"column":34}},"type":"binary-expr","locations":[{"start":{"line":6,"column":6},"end":{"line":6,"column":11}},{"start":{"line":6,"column":15},"end":{"line":6,"column":21}},{"start":{"line":6,"column":25},"end":{"line":6,"column":34}}],"line":6},"2":{"loc":{"start":{"line":18,"column":2},"end":{"line":20,"column":3}},"type":"if","locations":[{"start":{"line":18,"column":2},"end":{"line":20,"column":3}},{"start":{},"end":{}}],"line":18},"3":{"loc":{"start":{"line":18,"column":6},"end":{"line":18,"column":25}},"type":"binary-expr","locations":[{"start":{"line":18,"column":6},"end":{"line":18,"column":12}},{"start":{"line":18,"column":16},"end":{"line":18,"column":25}}],"line":18},"4":{"loc":{"start":{"line":38,"column":2},"end":{"line":40,"column":3}},"type":"if","locations":[{"start":{"line":38,"column":2},"end":{"line":40,"column":3}},{"start":{},"end":{}}],"line":38},"5":{"loc":{"start":{"line":38,"column":6},"end":{"line":38,"column":38}},"type":"binary-expr","locations":[{"start":{"line":38,"column":6},"end":{"line":38,"column":22}},{"start":{"line":38,"column":26},"end":{"line":38,"column":38}}],"line":38}},"s":{"0":1,"1":1,"2":1,"3":34,"4":34,"5":0,"6":34,"7":33,"8":1,"9":2,"10":2,"11":0,"12":2,"13":1,"14":1,"15":1,"16":1,"17":0,"18":0,"19":0,"20":0,"21":0,"22":1},"f":{"0":34,"1":2,"2":1,"3":0},"b":{"0":[0,34],"1":[34,34,34],"2":[0,2],"3":[2,2],"4":[0,0],"5":[0,0]},"_coverageSchema":"1a1c01bbd47fc00a2c39e90264f33305004495a9","hash":"c6856d93b63414c45a56b90490647d076e2e08fc","contentHash":"e419b824a0371e4d14aeac20bb09e63cb806d51b269e6619e1cac6503f7c3a1b"},"C:\\Users\\User\\cohort-9-mern-7844-areeba\\backend\\src\\services\\authService.js":{"path":"C:\\Users\\User\\cohort-9-mern-7844-areeba\\backend\\src\\services\\authService.js","statementMap":{"0":{"start":{"line":1,"column":12},"end":{"line":1,"column":35}},"1":{"start":{"line":2,"column":15},"end":{"line":2,"column":37}},"2":{"start":{"line":3,"column":13},"end":{"line":3,"column":38}},"3":{"start":{"line":4,"column":21},"end":{"line":4,"column":58}},"4":{"start":{"line":6,"column":22},"end":{"line":10,"column":1}},"5":{"start":{"line":7,"column":2},"end":{"line":9,"column":5}},"6":{"start":{"line":12,"column":21},"end":{"line":32,"column":1}},"7":{"start":{"line":13,"column":2},"end":{"line":31,"column":3}},"8":{"start":{"line":14,"column":25},"end":{"line":14,"column":69}},"9":{"start":{"line":15,"column":4},"end":{"line":17,"column":5}},"10":{"start":{"line":16,"column":6},"end":{"line":16,"column":75}},"11":{"start":{"line":19,"column":17},"end":{"line":19,"column":61}},"12":{"start":{"line":20,"column":18},"end":{"line":20,"column":41}},"13":{"start":{"line":22,"column":4},"end":{"line":22,"column":27}},"14":{"start":{"line":24,"column":4},"end":{"line":26,"column":5}},"15":{"start":{"line":25,"column":6},"end":{"line":25,"column":75}},"16":{"start":{"line":27,"column":4},"end":{"line":29,"column":5}},"17":{"start":{"line":28,"column":6},"end":{"line":28,"column":43}},"18":{"start":{"line":30,"column":4},"end":{"line":30,"column":14}},"19":{"start":{"line":34,"column":18},"end":{"line":47,"column":1}},"20":{"start":{"line":35,"column":15},"end":{"line":35,"column":79}},"21":{"start":{"line":36,"column":2},"end":{"line":38,"column":3}},"22":{"start":{"line":37,"column":4},"end":{"line":37,"column":57}},"23":{"start":{"line":40,"column":18},"end":{"line":40,"column":54}},"24":{"start":{"line":41,"column":2},"end":{"line":43,"column":3}},"25":{"start":{"line":42,"column":4},"end":{"line":42,"column":57}},"26":{"start":{"line":45,"column":16},"end":{"line":45,"column":39}},"27":{"start":{"line":46,"column":2},"end":{"line":46,"column":25}},"28":{"start":{"line":49,"column":23},"end":{"line":57,"column":1}},"29":{"start":{"line":50,"column":15},"end":{"line":50,"column":62}},"30":{"start":{"line":51,"column":18},"end":{"line":51,"column":61}},"31":{"start":{"line":52,"column":2},"end":{"line":54,"column":3}},"32":{"start":{"line":53,"column":4},"end":{"line":53,"column":61}},"33":{"start":{"line":55,"column":2},"end":{"line":55,"column":30}},"34":{"start":{"line":56,"column":2},"end":{"line":56,"column":20}},"35":{"start":{"line":59,"column":0},"end":{"line":64,"column":2}}},"fnMap":{"0":{"name":"(anonymous_0)","decl":{"start":{"line":6,"column":22},"end":{"line":6,"column":23}},"loc":{"start":{"line":6,"column":34},"end":{"line":10,"column":1}},"line":6},"1":{"name":"(anonymous_1)","decl":{"start":{"line":12,"column":21},"end":{"line":12,"column":22}},"loc":{"start":{"line":12,"column":58},"end":{"line":32,"column":1}},"line":12},"2":{"name":"(anonymous_2)","decl":{"start":{"line":34,"column":18},"end":{"line":34,"column":19}},"loc":{"start":{"line":34,"column":49},"end":{"line":47,"column":1}},"line":34},"3":{"name":"(anonymous_3)","decl":{"start":{"line":49,"column":23},"end":{"line":49,"column":24}},"loc":{"start":{"line":49,"column":71},"end":{"line":57,"column":1}},"line":49}},"branchMap":{"0":{"loc":{"start":{"line":8,"column":15},"end":{"line":8,"column":49}},"type":"binary-expr","locations":[{"start":{"line":8,"column":15},"end":{"line":8,"column":41}},{"start":{"line":8,"column":45},"end":{"line":8,"column":49}}],"line":8},"1":{"loc":{"start":{"line":15,"column":4},"end":{"line":17,"column":5}},"type":"if","locations":[{"start":{"line":15,"column":4},"end":{"line":17,"column":5}},{"start":{},"end":{}}],"line":15},"2":{"loc":{"start":{"line":24,"column":4},"end":{"line":26,"column":5}},"type":"if","locations":[{"start":{"line":24,"column":4},"end":{"line":26,"column":5}},{"start":{},"end":{}}],"line":24},"3":{"loc":{"start":{"line":27,"column":4},"end":{"line":29,"column":5}},"type":"if","locations":[{"start":{"line":27,"column":4},"end":{"line":29,"column":5}},{"start":{},"end":{}}],"line":27},"4":{"loc":{"start":{"line":36,"column":2},"end":{"line":38,"column":3}},"type":"if","locations":[{"start":{"line":36,"column":2},"end":{"line":38,"column":3}},{"start":{},"end":{}}],"line":36},"5":{"loc":{"start":{"line":41,"column":2},"end":{"line":43,"column":3}},"type":"if","locations":[{"start":{"line":41,"column":2},"end":{"line":43,"column":3}},{"start":{},"end":{}}],"line":41},"6":{"loc":{"start":{"line":52,"column":2},"end":{"line":54,"column":3}},"type":"if","locations":[{"start":{"line":52,"column":2},"end":{"line":54,"column":3}},{"start":{},"end":{}}],"line":52}},"s":{"0":1,"1":1,"2":1,"3":1,"4":1,"5":40,"6":1,"7":40,"8":40,"9":40,"10":2,"11":38,"12":38,"13":38,"14":2,"15":0,"16":2,"17":0,"18":2,"19":1,"20":5,"21":5,"22":1,"23":4,"24":4,"25":2,"26":2,"27":2,"28":1,"29":0,"30":0,"31":0,"32":0,"33":0,"34":0,"35":1},"f":{"0":40,"1":40,"2":5,"3":0},"b":{"0":[40,0],"1":[2,38],"2":[0,2],"3":[0,2],"4":[1,4],"5":[2,2],"6":[0,0]},"_coverageSchema":"1a1c01bbd47fc00a2c39e90264f33305004495a9","hash":"5543f59cee1cd318f8c692276fa5ca05094a2206","contentHash":"5ee1164838aa6f8f38d1571b324233e8e2a22de48912f1444779736693bbfaf3"},"C:\\Users\\User\\cohort-9-mern-7844-areeba\\backend\\src\\models\\User.js":{"path":"C:\\Users\\User\\cohort-9-mern-7844-areeba\\backend\\src\\models\\User.js","statementMap":{"0":{"start":{"line":1,"column":17},"end":{"line":1,"column":36}},"1":{"start":{"line":2,"column":15},"end":{"line":2,"column":34}},"2":{"start":{"line":4,"column":19},"end":{"line":37,"column":1}},"3":{"start":{"line":27,"column":10},"end":{"line":29,"column":11}},"4":{"start":{"line":28,"column":12},"end":{"line":28,"column":44}},"5":{"start":{"line":30,"column":10},"end":{"line":30,"column":56}},"6":{"start":{"line":39,"column":0},"end":{"line":44,"column":3}},"7":{"start":{"line":40,"column":2},"end":{"line":40,"column":43}},"8":{"start":{"line":40,"column":36},"end":{"line":40,"column":43}},"9":{"start":{"line":42,"column":15},"end":{"line":42,"column":39}},"10":{"start":{"line":43,"column":2},"end":{"line":43,"column":57}},"11":{"start":{"line":46,"column":0},"end":{"line":48,"column":2}},"12":{"start":{"line":47,"column":2},"end":{"line":47,"column":58}},"13":{"start":{"line":50,"column":0},"end":{"line":54,"column":2}},"14":{"start":{"line":51,"column":14},"end":{"line":51,"column":29}},"15":{"start":{"line":52,"column":2},"end":{"line":52,"column":22}},"16":{"start":{"line":53,"column":2},"end":{"line":53,"column":13}},"17":{"start":{"line":56,"column":0},"end":{"line":56,"column":52}}},"fnMap":{"0":{"name":"(anonymous_0)","decl":{"start":{"line":26,"column":19},"end":{"line":26,"column":20}},"loc":{"start":{"line":26,"column":35},"end":{"line":31,"column":9}},"line":26},"1":{"name":"hashPassword","decl":{"start":{"line":39,"column":38},"end":{"line":39,"column":50}},"loc":{"start":{"line":39,"column":53},"end":{"line":44,"column":1}},"line":39},"2":{"name":"comparePassword","decl":{"start":{"line":46,"column":52},"end":{"line":46,"column":67}},"loc":{"start":{"line":46,"column":87},"end":{"line":48,"column":1}},"line":46},"3":{"name":"toJSON","decl":{"start":{"line":50,"column":37},"end":{"line":50,"column":43}},"loc":{"start":{"line":50,"column":46},"end":{"line":54,"column":1}},"line":50}},"branchMap":{"0":{"loc":{"start":{"line":27,"column":10},"end":{"line":29,"column":11}},"type":"if","locations":[{"start":{"line":27,"column":10},"end":{"line":29,"column":11}},{"start":{},"end":{}}],"line":27},"1":{"loc":{"start":{"line":40,"column":2},"end":{"line":40,"column":43}},"type":"if","locations":[{"start":{"line":40,"column":2},"end":{"line":40,"column":43}},{"start":{},"end":{}}],"line":40}},"s":{"0":1,"1":1,"2":1,"3":38,"4":38,"5":0,"6":1,"7":38,"8":0,"9":38,"10":38,"11":1,"12":4,"13":1,"14":35,"15":35,"16":35,"17":1},"f":{"0":38,"1":38,"2":4,"3":35},"b":{"0":[38,0],"1":[0,38]},"_coverageSchema":"1a1c01bbd47fc00a2c39e90264f33305004495a9","hash":"fb6755a16f00d30053eaa05f851ee511fb59d793","contentHash":"e8053d5dd9d58e3a4eade30847bc36abde65404b53c334425a11c12eb6630634"},"C:\\Users\\User\\cohort-9-mern-7844-areeba\\backend\\src\\middleware\\authMiddleware.js":{"path":"C:\\Users\\User\\cohort-9-mern-7844-areeba\\backend\\src\\middleware\\authMiddleware.js","statementMap":{"0":{"start":{"line":1,"column":12},"end":{"line":1,"column":35}},"1":{"start":{"line":2,"column":13},"end":{"line":2,"column":38}},"2":{"start":{"line":3,"column":35},"end":{"line":3,"column":60}},"3":{"start":{"line":5,"column":16},"end":{"line":31,"column":2}},"4":{"start":{"line":7,"column":21},"end":{"line":7,"column":46}},"5":{"start":{"line":9,"column":2},"end":{"line":11,"column":3}},"6":{"start":{"line":10,"column":4},"end":{"line":10,"column":37}},"7":{"start":{"line":13,"column":2},"end":{"line":15,"column":3}},"8":{"start":{"line":14,"column":4},"end":{"line":14,"column":65}},"9":{"start":{"line":18,"column":2},"end":{"line":22,"column":3}},"10":{"start":{"line":19,"column":4},"end":{"line":19,"column":56}},"11":{"start":{"line":21,"column":4},"end":{"line":21,"column":72}},"12":{"start":{"line":24,"column":15},"end":{"line":24,"column":46}},"13":{"start":{"line":25,"column":2},"end":{"line":27,"column":3}},"14":{"start":{"line":26,"column":4},"end":{"line":26,"column":77}},"15":{"start":{"line":29,"column":2},"end":{"line":29,"column":18}},"16":{"start":{"line":30,"column":2},"end":{"line":30,"column":9}},"17":{"start":{"line":33,"column":0},"end":{"line":33,"column":29}}},"fnMap":{"0":{"name":"(anonymous_0)","decl":{"start":{"line":5,"column":29},"end":{"line":5,"column":30}},"loc":{"start":{"line":5,"column":55},"end":{"line":31,"column":1}},"line":5}},"branchMap":{"0":{"loc":{"start":{"line":9,"column":2},"end":{"line":11,"column":3}},"type":"if","locations":[{"start":{"line":9,"column":2},"end":{"line":11,"column":3}},{"start":{},"end":{}}],"line":9},"1":{"loc":{"start":{"line":13,"column":2},"end":{"line":15,"column":3}},"type":"if","locations":[{"start":{"line":13,"column":2},"end":{"line":15,"column":3}},{"start":{},"end":{}}],"line":13},"2":{"loc":{"start":{"line":25,"column":2},"end":{"line":27,"column":3}},"type":"if","locations":[{"start":{"line":25,"column":2},"end":{"line":27,"column":3}},{"start":{},"end":{}}],"line":25}},"s":{"0":1,"1":1,"2":1,"3":1,"4":29,"5":29,"6":27,"7":29,"8":2,"9":27,"10":27,"11":1,"12":26,"13":26,"14":0,"15":26,"16":26,"17":1},"f":{"0":29},"b":{"0":[27,2],"1":[2,27],"2":[0,26]},"_coverageSchema":"1a1c01bbd47fc00a2c39e90264f33305004495a9","hash":"3c6fcc750f6b2e1264ae6b09201a62906d4ea03f","contentHash":"33890572db0272dd6fad296db93601ab5f2a70b184921103d8d5c369f5381622"},"C:\\Users\\User\\cohort-9-mern-7844-areeba\\backend\\src\\routes\\noteRoutes.js":{"path":"C:\\Users\\User\\cohort-9-mern-7844-areeba\\backend\\src\\routes\\noteRoutes.js","statementMap":{"0":{"start":{"line":1,"column":16},"end":{"line":1,"column":34}},"1":{"start":{"line":2,"column":73},"end":{"line":2,"column":113}},"2":{"start":{"line":3,"column":20},"end":{"line":3,"column":59}},"3":{"start":{"line":4,"column":15},"end":{"line":4,"column":31}},"4":{"start":{"line":6,"column":0},"end":{"line":6,"column":20}},"5":{"start":{"line":7,"column":0},"end":{"line":7,"column":29}},"6":{"start":{"line":8,"column":0},"end":{"line":8,"column":26}},"7":{"start":{"line":9,"column":0},"end":{"line":9,"column":28}},"8":{"start":{"line":10,"column":0},"end":{"line":10,"column":33}},"9":{"start":{"line":11,"column":0},"end":{"line":11,"column":34}},"10":{"start":{"line":12,"column":0},"end":{"line":12,"column":45}},"11":{"start":{"line":14,"column":0},"end":{"line":14,"column":24}}},"fnMap":{},"branchMap":{},"s":{"0":1,"1":1,"2":1,"3":1,"4":1,"5":1,"6":1,"7":1,"8":1,"9":1,"10":1,"11":1},"f":{},"b":{},"_coverageSchema":"1a1c01bbd47fc00a2c39e90264f33305004495a9","hash":"7c68c0360a52f9efd1383fb16b8cee86efc642fd","contentHash":"e89521e1ad7b57bdbd43ae6edbc207d0b3cfe17785c9bf47ab931e39bfc626f2"},"C:\\Users\\User\\cohort-9-mern-7844-areeba\\backend\\src\\controllers\\noteController.js":{"path":"C:\\Users\\User\\cohort-9-mern-7844-areeba\\backend\\src\\controllers\\noteController.js","statementMap":{"0":{"start":{"line":1,"column":35},"end":{"line":1,"column":72}},"1":{"start":{"line":2,"column":20},"end":{"line":2,"column":54}},"2":{"start":{"line":4,"column":19},"end":{"line":32,"column":2}},"3":{"start":{"line":5,"column":42},"end":{"line":5,"column":50}},"4":{"start":{"line":7,"column":2},"end":{"line":9,"column":3}},"5":{"start":{"line":8,"column":4},"end":{"line":8,"column":80}},"6":{"start":{"line":11,"column":2},"end":{"line":13,"column":3}},"7":{"start":{"line":12,"column":4},"end":{"line":12,"column":69}},"8":{"start":{"line":15,"column":2},"end":{"line":17,"column":3}},"9":{"start":{"line":16,"column":4},"end":{"line":16,"column":56}},"10":{"start":{"line":19,"column":2},"end":{"line":23,"column":3}},"11":{"start":{"line":20,"column":4},"end":{"line":22,"column":5}},"12":{"start":{"line":20,"column":53},"end":{"line":20,"column":76}},"13":{"start":{"line":21,"column":6},"end":{"line":21,"column":66}},"14":{"start":{"line":25,"column":15},"end":{"line":25,"column":90}},"15":{"start":{"line":27,"column":2},"end":{"line":31,"column":5}},"16":{"start":{"line":34,"column":17},"end":{"line":41,"column":2}},"17":{"start":{"line":35,"column":16},"end":{"line":35,"column":63}},"18":{"start":{"line":37,"column":2},"end":{"line":40,"column":5}},"19":{"start":{"line":43,"column":16},"end":{"line":50,"column":2}},"20":{"start":{"line":44,"column":15},"end":{"line":44,"column":73}},"21":{"start":{"line":46,"column":2},"end":{"line":49,"column":5}},"22":{"start":{"line":52,"column":19},"end":{"line":60,"column":2}},"23":{"start":{"line":53,"column":15},"end":{"line":53,"column":82}},"24":{"start":{"line":55,"column":2},"end":{"line":59,"column":5}},"25":{"start":{"line":62,"column":19},"end":{"line":69,"column":2}},"26":{"start":{"line":63,"column":2},"end":{"line":63,"column":60}},"27":{"start":{"line":65,"column":2},"end":{"line":68,"column":5}},"28":{"start":{"line":70,"column":20},"end":{"line":116,"column":2}},"29":{"start":{"line":71,"column":19},"end":{"line":71,"column":27}},"30":{"start":{"line":72,"column":17},"end":{"line":72,"column":19}},"31":{"start":{"line":73,"column":18},"end":{"line":73,"column":22}},"32":{"start":{"line":75,"column":2},"end":{"line":82,"column":3}},"33":{"start":{"line":76,"column":4},"end":{"line":76,"column":24}},"34":{"start":{"line":77,"column":9},"end":{"line":82,"column":3}},"35":{"start":{"line":78,"column":4},"end":{"line":78,"column":30}},"36":{"start":{"line":79,"column":4},"end":{"line":79,"column":36}},"37":{"start":{"line":81,"column":4},"end":{"line":81,"column":88}},"38":{"start":{"line":84,"column":2},"end":{"line":86,"column":3}},"39":{"start":{"line":85,"column":4},"end":{"line":85,"column":107}},"40":{"start":{"line":88,"column":2},"end":{"line":90,"column":3}},"41":{"start":{"line":89,"column":4},"end":{"line":89,"column":76}},"42":{"start":{"line":92,"column":25},"end":{"line":107,"column":4}},"43":{"start":{"line":93,"column":4},"end":{"line":95,"column":5}},"44":{"start":{"line":94,"column":6},"end":{"line":94,"column":78}},"45":{"start":{"line":97,"column":4},"end":{"line":106,"column":6}},"46":{"start":{"line":102,"column":58},"end":{"line":102,"column":74}},"47":{"start":{"line":109,"column":24},"end":{"line":109,"column":105}},"48":{"start":{"line":111,"column":2},"end":{"line":115,"column":5}},"49":{"start":{"line":118,"column":0},"end":{"line":118,"column":88}}},"fnMap":{"0":{"name":"(anonymous_0)","decl":{"start":{"line":4,"column":32},"end":{"line":4,"column":33}},"loc":{"start":{"line":4,"column":52},"end":{"line":32,"column":1}},"line":4},"1":{"name":"(anonymous_1)","decl":{"start":{"line":20,"column":44},"end":{"line":20,"column":45}},"loc":{"start":{"line":20,"column":53},"end":{"line":20,"column":76}},"line":20},"2":{"name":"(anonymous_2)","decl":{"start":{"line":34,"column":30},"end":{"line":34,"column":31}},"loc":{"start":{"line":34,"column":50},"end":{"line":41,"column":1}},"line":34},"3":{"name":"(anonymous_3)","decl":{"start":{"line":43,"column":29},"end":{"line":43,"column":30}},"loc":{"start":{"line":43,"column":49},"end":{"line":50,"column":1}},"line":43},"4":{"name":"(anonymous_4)","decl":{"start":{"line":52,"column":32},"end":{"line":52,"column":33}},"loc":{"start":{"line":52,"column":52},"end":{"line":60,"column":1}},"line":52},"5":{"name":"(anonymous_5)","decl":{"start":{"line":62,"column":32},"end":{"line":62,"column":33}},"loc":{"start":{"line":62,"column":52},"end":{"line":69,"column":1}},"line":62},"6":{"name":"(anonymous_6)","decl":{"start":{"line":70,"column":33},"end":{"line":70,"column":34}},"loc":{"start":{"line":70,"column":53},"end":{"line":116,"column":1}},"line":70},"7":{"name":"(anonymous_7)","decl":{"start":{"line":92,"column":38},"end":{"line":92,"column":39}},"loc":{"start":{"line":92,"column":48},"end":{"line":107,"column":3}},"line":92},"8":{"name":"(anonymous_8)","decl":{"start":{"line":102,"column":53},"end":{"line":102,"column":54}},"loc":{"start":{"line":102,"column":58},"end":{"line":102,"column":74}},"line":102}},"branchMap":{"0":{"loc":{"start":{"line":7,"column":2},"end":{"line":9,"column":3}},"type":"if","locations":[{"start":{"line":7,"column":2},"end":{"line":9,"column":3}},{"start":{},"end":{}}],"line":7},"1":{"loc":{"start":{"line":7,"column":6},"end":{"line":7,"column":58}},"type":"binary-expr","locations":[{"start":{"line":7,"column":6},"end":{"line":7,"column":12}},{"start":{"line":7,"column":16},"end":{"line":7,"column":41}},{"start":{"line":7,"column":45},"end":{"line":7,"column":58}}],"line":7},"2":{"loc":{"start":{"line":11,"column":2},"end":{"line":13,"column":3}},"type":"if","locations":[{"start":{"line":11,"column":2},"end":{"line":13,"column":3}},{"start":{},"end":{}}],"line":11},"3":{"loc":{"start":{"line":15,"column":2},"end":{"line":17,"column":3}},"type":"if","locations":[{"start":{"line":15,"column":2},"end":{"line":17,"column":3}},{"start":{},"end":{}}],"line":15},"4":{"loc":{"start":{"line":15,"column":6},"end":{"line":15,"column":58}},"type":"binary-expr","locations":[{"start":{"line":15,"column":6},"end":{"line":15,"column":27}},{"start":{"line":15,"column":31},"end":{"line":15,"column":58}}],"line":15},"5":{"loc":{"start":{"line":19,"column":2},"end":{"line":23,"column":3}},"type":"if","locations":[{"start":{"line":19,"column":2},"end":{"line":23,"column":3}},{"start":{},"end":{}}],"line":19},"6":{"loc":{"start":{"line":20,"column":4},"end":{"line":22,"column":5}},"type":"if","locations":[{"start":{"line":20,"column":4},"end":{"line":22,"column":5}},{"start":{},"end":{}}],"line":20},"7":{"loc":{"start":{"line":20,"column":8},"end":{"line":20,"column":77}},"type":"binary-expr","locations":[{"start":{"line":20,"column":8},"end":{"line":20,"column":28}},{"start":{"line":20,"column":32},"end":{"line":20,"column":77}}],"line":20},"8":{"loc":{"start":{"line":75,"column":2},"end":{"line":82,"column":3}},"type":"if","locations":[{"start":{"line":75,"column":2},"end":{"line":82,"column":3}},{"start":{"line":77,"column":9},"end":{"line":82,"column":3}}],"line":75},"9":{"loc":{"start":{"line":77,"column":9},"end":{"line":82,"column":3}},"type":"if","locations":[{"start":{"line":77,"column":9},"end":{"line":82,"column":3}},{"start":{"line":80,"column":9},"end":{"line":82,"column":3}}],"line":77},"10":{"loc":{"start":{"line":77,"column":13},"end":{"line":77,"column":86}},"type":"binary-expr","locations":[{"start":{"line":77,"column":13},"end":{"line":77,"column":21}},{"start":{"line":77,"column":25},"end":{"line":77,"column":53}},{"start":{"line":77,"column":57},"end":{"line":77,"column":86}}],"line":77},"11":{"loc":{"start":{"line":84,"column":2},"end":{"line":86,"column":3}},"type":"if","locations":[{"start":{"line":84,"column":2},"end":{"line":86,"column":3}},{"start":{},"end":{}}],"line":84},"12":{"loc":{"start":{"line":84,"column":6},"end":{"line":84,"column":96}},"type":"binary-expr","locations":[{"start":{"line":84,"column":6},"end":{"line":84,"column":15}},{"start":{"line":84,"column":19},"end":{"line":84,"column":56}},{"start":{"line":84,"column":60},"end":{"line":84,"column":96}}],"line":84},"13":{"loc":{"start":{"line":88,"column":2},"end":{"line":90,"column":3}},"type":"if","locations":[{"start":{"line":88,"column":2},"end":{"line":90,"column":3}},{"start":{},"end":{}}],"line":88},"14":{"loc":{"start":{"line":93,"column":4},"end":{"line":95,"column":5}},"type":"if","locations":[{"start":{"line":93,"column":4},"end":{"line":95,"column":5}},{"start":{},"end":{}}],"line":93},"15":{"loc":{"start":{"line":93,"column":8},"end":{"line":93,"column":75}},"type":"binary-expr","locations":[{"start":{"line":93,"column":8},"end":{"line":93,"column":19}},{"start":{"line":93,"column":23},"end":{"line":93,"column":53}},{"start":{"line":93,"column":57},"end":{"line":93,"column":75}}],"line":93},"16":{"loc":{"start":{"line":98,"column":12},"end":{"line":98,"column":39}},"type":"binary-expr","locations":[{"start":{"line":98,"column":12},"end":{"line":98,"column":24}},{"start":{"line":98,"column":28},"end":{"line":98,"column":39}}],"line":98},"17":{"loc":{"start":{"line":100,"column":15},"end":{"line":100,"column":67}},"type":"cond-expr","locations":[{"start":{"line":100,"column":50},"end":{"line":100,"column":62}},{"start":{"line":100,"column":65},"end":{"line":100,"column":67}}],"line":100},"18":{"loc":{"start":{"line":102,"column":12},"end":{"line":102,"column":80}},"type":"cond-expr","locations":[{"start":{"line":102,"column":39},"end":{"line":102,"column":75}},{"start":{"line":102,"column":78},"end":{"line":102,"column":80}}],"line":102},"19":{"loc":{"start":{"line":103,"column":13},"end":{"line":103,"column":36}},"type":"binary-expr","locations":[{"start":{"line":103,"column":13},"end":{"line":103,"column":23}},{"start":{"line":103,"column":27},"end":{"line":103,"column":36}}],"line":103},"20":{"loc":{"start":{"line":104,"column":17},"end":{"line":104,"column":71}},"type":"cond-expr","locations":[{"start":{"line":104,"column":34},"end":{"line":104,"column":58}},{"start":{"line":104,"column":61},"end":{"line":104,"column":71}}],"line":104},"21":{"loc":{"start":{"line":105,"column":17},"end":{"line":105,"column":71}},"type":"cond-expr","locations":[{"start":{"line":105,"column":34},"end":{"line":105,"column":58}},{"start":{"line":105,"column":61},"end":{"line":105,"column":71}}],"line":105},"22":{"loc":{"start":{"line":109,"column":61},"end":{"line":109,"column":88}},"type":"binary-expr","locations":[{"start":{"line":109,"column":61},"end":{"line":109,"column":73}},{"start":{"line":109,"column":77},"end":{"line":109,"column":88}}],"line":109}},"s":{"0":1,"1":1,"2":1,"3":11,"4":11,"5":2,"6":9,"7":0,"8":9,"9":0,"10":9,"11":0,"12":0,"13":0,"14":9,"15":9,"16":1,"17":1,"18":1,"19":1,"20":3,"21":1,"22":1,"23":3,"24":1,"25":1,"26":1,"27":1,"28":1,"29":3,"30":3,"31":3,"32":3,"33":1,"34":2,"35":1,"36":1,"37":1,"38":2,"39":1,"40":1,"41":0,"42":1,"43":1,"44":0,"45":1,"46":0,"47":1,"48":1,"49":1},"f":{"0":11,"1":0,"2":1,"3":3,"4":3,"5":1,"6":3,"7":1,"8":0},"b":{"0":[2,9],"1":[11,10,10],"2":[0,9],"3":[0,9],"4":[9,1],"5":[0,9],"6":[0,0],"7":[0,0],"8":[1,2],"9":[1,1],"10":[2,2,2],"11":[1,1],"12":[2,1,1],"13":[0,1],"14":[0,1],"15":[1,1,1],"16":[1,0],"17":[1,0],"18":[1,0],"19":[1,1],"20":[0,1],"21":[0,1],"22":[1,0]},"_coverageSchema":"1a1c01bbd47fc00a2c39e90264f33305004495a9","hash":"22a0a33916ad21ab41561ca1710a3f1e775afb37","contentHash":"444ac6e390307e2ec6220bbacd11a612504678469b322a4af5f6878852e5d2c5"},"C:\\Users\\User\\cohort-9-mern-7844-areeba\\backend\\src\\services\\noteService.js":{"path":"C:\\Users\\User\\cohort-9-mern-7844-areeba\\backend\\src\\services\\noteService.js","statementMap":{"0":{"start":{"line":1,"column":13},"end":{"line":1,"column":38}},"1":{"start":{"line":2,"column":21},"end":{"line":2,"column":58}},"2":{"start":{"line":4,"column":19},"end":{"line":14,"column":1}},"3":{"start":{"line":5,"column":2},"end":{"line":13,"column":3}},"4":{"start":{"line":6,"column":17},"end":{"line":6,"column":81}},"5":{"start":{"line":7,"column":4},"end":{"line":7,"column":16}},"6":{"start":{"line":9,"column":4},"end":{"line":11,"column":5}},"7":{"start":{"line":10,"column":6},"end":{"line":10,"column":43}},"8":{"start":{"line":12,"column":4},"end":{"line":12,"column":53}},"9":{"start":{"line":16,"column":24},"end":{"line":22,"column":1}},"10":{"start":{"line":17,"column":2},"end":{"line":21,"column":3}},"11":{"start":{"line":18,"column":4},"end":{"line":18,"column":83}},"12":{"start":{"line":20,"column":4},"end":{"line":20,"column":53}},"13":{"start":{"line":24,"column":20},"end":{"line":39,"column":1}},"14":{"start":{"line":26,"column":2},"end":{"line":33,"column":3}},"15":{"start":{"line":27,"column":4},"end":{"line":27,"column":61}},"16":{"start":{"line":29,"column":4},"end":{"line":31,"column":5}},"17":{"start":{"line":30,"column":6},"end":{"line":30,"column":48}},"18":{"start":{"line":32,"column":4},"end":{"line":32,"column":52}},"19":{"start":{"line":35,"column":2},"end":{"line":37,"column":3}},"20":{"start":{"line":36,"column":4},"end":{"line":36,"column":46}},"21":{"start":{"line":38,"column":2},"end":{"line":38,"column":14}},"22":{"start":{"line":41,"column":19},"end":{"line":77,"column":1}},"23":{"start":{"line":42,"column":24},"end":{"line":42,"column":73}},"24":{"start":{"line":43,"column":27},"end":{"line":43,"column":29}},"25":{"start":{"line":45,"column":2},"end":{"line":49,"column":3}},"26":{"start":{"line":46,"column":4},"end":{"line":48,"column":5}},"27":{"start":{"line":47,"column":6},"end":{"line":47,"column":47}},"28":{"start":{"line":51,"column":2},"end":{"line":53,"column":3}},"29":{"start":{"line":52,"column":4},"end":{"line":52,"column":68}},"30":{"start":{"line":56,"column":2},"end":{"line":70,"column":3}},"31":{"start":{"line":57,"column":4},"end":{"line":61,"column":6}},"32":{"start":{"line":63,"column":4},"end":{"line":65,"column":5}},"33":{"start":{"line":64,"column":6},"end":{"line":64,"column":48}},"34":{"start":{"line":66,"column":4},"end":{"line":68,"column":5}},"35":{"start":{"line":67,"column":6},"end":{"line":67,"column":43}},"36":{"start":{"line":69,"column":4},"end":{"line":69,"column":53}},"37":{"start":{"line":72,"column":2},"end":{"line":74,"column":3}},"38":{"start":{"line":73,"column":4},"end":{"line":73,"column":46}},"39":{"start":{"line":76,"column":2},"end":{"line":76,"column":14}},"40":{"start":{"line":79,"column":19},"end":{"line":94,"column":1}},"41":{"start":{"line":81,"column":2},"end":{"line":88,"column":3}},"42":{"start":{"line":82,"column":4},"end":{"line":82,"column":70}},"43":{"start":{"line":84,"column":4},"end":{"line":86,"column":5}},"44":{"start":{"line":85,"column":6},"end":{"line":85,"column":48}},"45":{"start":{"line":87,"column":4},"end":{"line":87,"column":53}},"46":{"start":{"line":90,"column":2},"end":{"line":92,"column":3}},"47":{"start":{"line":91,"column":4},"end":{"line":91,"column":46}},"48":{"start":{"line":93,"column":2},"end":{"line":93,"column":14}},"49":{"start":{"line":96,"column":24},"end":{"line":102,"column":4}},"50":{"start":{"line":97,"column":29},"end":{"line":97,"column":33}},"51":{"start":{"line":98,"column":4},"end":{"line":101,"column":6}},"52":{"start":{"line":104,"column":2},"end":{"line":104,"column":46}},"53":{"start":{"line":107,"column":0},"end":{"line":107,"column":105}}},"fnMap":{"0":{"name":"(anonymous_0)","decl":{"start":{"line":4,"column":19},"end":{"line":4,"column":20}},"loc":{"start":{"line":4,"column":70},"end":{"line":14,"column":1}},"line":4},"1":{"name":"(anonymous_1)","decl":{"start":{"line":16,"column":24},"end":{"line":16,"column":25}},"loc":{"start":{"line":16,"column":42},"end":{"line":22,"column":1}},"line":16},"2":{"name":"(anonymous_2)","decl":{"start":{"line":24,"column":20},"end":{"line":24,"column":21}},"loc":{"start":{"line":24,"column":46},"end":{"line":39,"column":1}},"line":24},"3":{"name":"(anonymous_3)","decl":{"start":{"line":41,"column":19},"end":{"line":41,"column":20}},"loc":{"start":{"line":41,"column":54},"end":{"line":77,"column":1}},"line":41},"4":{"name":"(anonymous_4)","decl":{"start":{"line":79,"column":19},"end":{"line":79,"column":20}},"loc":{"start":{"line":79,"column":45},"end":{"line":94,"column":1}},"line":79},"5":{"name":"importNotesForUser","decl":{"start":{"line":95,"column":15},"end":{"line":95,"column":33}},"loc":{"start":{"line":95,"column":49},"end":{"line":105,"column":1}},"line":95},"6":{"name":"(anonymous_6)","decl":{"start":{"line":96,"column":34},"end":{"line":96,"column":35}},"loc":{"start":{"line":96,"column":42},"end":{"line":102,"column":3}},"line":96}},"branchMap":{"0":{"loc":{"start":{"line":9,"column":4},"end":{"line":11,"column":5}},"type":"if","locations":[{"start":{"line":9,"column":4},"end":{"line":11,"column":5}},{"start":{},"end":{}}],"line":9},"1":{"loc":{"start":{"line":29,"column":4},"end":{"line":31,"column":5}},"type":"if","locations":[{"start":{"line":29,"column":4},"end":{"line":31,"column":5}},{"start":{},"end":{}}],"line":29},"2":{"loc":{"start":{"line":35,"column":2},"end":{"line":37,"column":3}},"type":"if","locations":[{"start":{"line":35,"column":2},"end":{"line":37,"column":3}},{"start":{},"end":{}}],"line":35},"3":{"loc":{"start":{"line":46,"column":4},"end":{"line":48,"column":5}},"type":"if","locations":[{"start":{"line":46,"column":4},"end":{"line":48,"column":5}},{"start":{},"end":{}}],"line":46},"4":{"loc":{"start":{"line":51,"column":2},"end":{"line":53,"column":3}},"type":"if","locations":[{"start":{"line":51,"column":2},"end":{"line":53,"column":3}},{"start":{},"end":{}}],"line":51},"5":{"loc":{"start":{"line":63,"column":4},"end":{"line":65,"column":5}},"type":"if","locations":[{"start":{"line":63,"column":4},"end":{"line":65,"column":5}},{"start":{},"end":{}}],"line":63},"6":{"loc":{"start":{"line":66,"column":4},"end":{"line":68,"column":5}},"type":"if","locations":[{"start":{"line":66,"column":4},"end":{"line":68,"column":5}},{"start":{},"end":{}}],"line":66},"7":{"loc":{"start":{"line":72,"column":2},"end":{"line":74,"column":3}},"type":"if","locations":[{"start":{"line":72,"column":2},"end":{"line":74,"column":3}},{"start":{},"end":{}}],"line":72},"8":{"loc":{"start":{"line":84,"column":4},"end":{"line":86,"column":5}},"type":"if","locations":[{"start":{"line":84,"column":4},"end":{"line":86,"column":5}},{"start":{},"end":{}}],"line":84},"9":{"loc":{"start":{"line":90,"column":2},"end":{"line":92,"column":3}},"type":"if","locations":[{"start":{"line":90,"column":2},"end":{"line":92,"column":3}},{"start":{},"end":{}}],"line":90}},"s":{"0":1,"1":1,"2":1,"3":9,"4":9,"5":9,"6":0,"7":0,"8":0,"9":1,"10":1,"11":1,"12":0,"13":1,"14":3,"15":3,"16":0,"17":0,"18":0,"19":3,"20":2,"21":1,"22":1,"23":3,"24":3,"25":3,"26":15,"27":2,"28":3,"29":1,"30":2,"31":2,"32":0,"33":0,"34":0,"35":0,"36":0,"37":2,"38":1,"39":1,"40":1,"41":1,"42":1,"43":0,"44":0,"45":0,"46":1,"47":0,"48":1,"49":1,"50":1,"51":1,"52":1,"53":1},"f":{"0":9,"1":1,"2":3,"3":3,"4":1,"5":1,"6":1},"b":{"0":[0,0],"1":[0,0],"2":[2,1],"3":[2,13],"4":[1,2],"5":[0,0],"6":[0,0],"7":[1,1],"8":[0,0],"9":[0,1]},"_coverageSchema":"1a1c01bbd47fc00a2c39e90264f33305004495a9","hash":"7c7b346a8ee3fa4206b2ee287dfa294b20016e4a","contentHash":"aed4616bac37ccd874af46d7e9598e2bd9db87a2ae1132a90fd924040ab77630"},"C:\\Users\\User\\cohort-9-mern-7844-areeba\\backend\\src\\models\\Note.js":{"path":"C:\\Users\\User\\cohort-9-mern-7844-areeba\\backend\\src\\models\\Note.js","statementMap":{"0":{"start":{"line":1,"column":17},"end":{"line":1,"column":36}},"1":{"start":{"line":3,"column":19},"end":{"line":38,"column":1}},"2":{"start":{"line":39,"column":0},"end":{"line":39,"column":45}},"3":{"start":{"line":40,"column":0},"end":{"line":40,"column":52}}},"fnMap":{},"branchMap":{},"s":{"0":1,"1":1,"2":1,"3":1},"f":{},"b":{},"_coverageSchema":"1a1c01bbd47fc00a2c39e90264f33305004495a9","hash":"87aca476459a51447fb7214ea0873eda5a358b8f","contentHash":"7acd473d018e6682944e31d4f71d7df5398d8f37ff55df4893e01e4c2baca45f"}}