{"C:\\Users\\User\\cohort-9-mern-7844-areeba\\backend\\src\\app.js":{"path":"C:\\Users\\User\\cohort-9-mern-7844-areeba\\backend\\src\\app.js","statementMap":{"0":{"start":{"line":1,"column":16},"end":{"line":1,"column":34}},"1":{"start":{"line":2,"column":13},"end":{"line":2,"column":28}},"2":{"start":{"line":3,"column":15},"end":{"line":3,"column":32}},"3":{"start":{"line":4,"column":17},"end":{"line":4,"column":37}},"4":{"start":{"line":5,"column":15},"end":{"line":5,"column":41}},"5":{"start":{"line":6,"column":48},"end":{"line":6,"column":84}},"6":{"start":{"line":8,"column":12},"end":{"line":8,"column":21}},"7":{"start":{"line":9,"column":0},"end":{"line":9,"column":18}},"8":{"start":{"line":10,"column":0},"end":{"line":10,"column":16}},"9":{"start":{"line":11,"column":0},"end":{"line":11,"column":41}},"10":{"start":{"line":12,"column":0},"end":{"line":12,"column":30}},"11":{"start":{"line":13,"column":0},"end":{"line":13,"column":53}},"12":{"start":{"line":14,"column":0},"end":{"line":14,"column":54}},"13":{"start":{"line":15,"column":0},"end":{"line":17,"column":3}},"14":{"start":{"line":16,"column":2},"end":{"line":16,"column":72}},"15":{"start":{"line":18,"column":0},"end":{"line":18,"column":25}},"16":{"start":{"line":19,"column":0},"end":{"line":19,"column":28}},"17":{"start":{"line":22,"column":0},"end":{"line":22,"column":21}}},"fnMap":{"0":{"name":"(anonymous_0)","decl":{"start":{"line":15,"column":23},"end":{"line":15,"column":24}},"loc":{"start":{"line":15,"column":37},"end":{"line":17,"column":1}},"line":15}},"branchMap":{},"s":{"0":1,"1":1,"2":1,"3":1,"4":1,"5":1,"6":1,"7":1,"8":1,"9":1,"10":1,"11":1,"12":1,"13":1,"14":0,"15":1,"16":1,"17":1},"f":{"0":0},"b":{},"_coverageSchema":"1a1c01bbd47fc00a2c39e90264f33305004495a9","hash":"0a31f605eec96616c464524d596fdb5d4a61570e","contentHash":"c7c057a6d036693fa9e3151624c48ce40df3d4d2eedf0a88fba587b09ed249f8"},"C:\\Users\\User\\cohort-9-mern-7844-areeba\\backend\\src\\config\\logger.js":{"path":"C:\\Users\\User\\cohort-9-mern-7844-areeba\\backend\\src\\config\\logger.js","statementMap":{"0":{"start":{"line":1,"column":13},"end":{"line":1,"column":28}},"1":{"start":{"line":3,"column":15},"end":{"line":9,"column":2}},"2":{"start":{"line":11,"column":0},"end":{"line":11,"column":24}}},"fnMap":{},"branchMap":{"0":{"loc":{"start":{"line":4,"column":9},"end":{"line":4,"column":40}},"type":"binary-expr","locations":[{"start":{"line":4,"column":9},"end":{"line":4,"column":30}},{"start":{"line":4,"column":34},"end":{"line":4,"column":40}}],"line":4},"1":{"loc":{"start":{"line":6,"column":4},"end":{"line":8,"column":17}},"type":"cond-expr","locations":[{"start":{"line":7,"column":8},"end":{"line":7,"column":62}},{"start":{"line":8,"column":8},"end":{"line":8,"column":17}}],"line":6}},"s":{"0":1,"1":1,"2":1},"f":{},"b":{"0":[1,0],"1":[0,1]},"_coverageSchema":"1a1c01bbd47fc00a2c39e90264f33305004495a9","hash":"ef391309675d296b30b2e60778b08e3248b3e31b","contentHash":"8e7fb7e91c0e3e617b22f2352238df8cf749264139b01d83ee58226eacbca3d5"},"C:\\Users\\User\\cohort-9-mern-7844-areeba\\backend\\src\\middleware\\errorHandler.js":{"path":"C:\\Users\\User\\cohort-9-mern-7844-areeba\\backend\\src\\middleware\\errorHandler.js","statementMap":{"0":{"start":{"line":1,"column":15},"end":{"line":1,"column":42}},"1":{"start":{"line":4,"column":4},"end":{"line":4,"column":19}},"2":{"start":{"line":5,"column":4},"end":{"line":5,"column":33}},"3":{"start":{"line":6,"column":4},"end":{"line":6,"column":27}},"4":{"start":{"line":7,"column":4},"end":{"line":7,"column":30}},"5":{"start":{"line":8,"column":4},"end":{"line":8,"column":52}},"6":{"start":{"line":11,"column":21},"end":{"line":12,"column":49}},"7":{"start":{"line":11,"column":29},"end":{"line":12,"column":49}},"8":{"start":{"line":12,"column":2},"end":{"line":12,"column":49}},"9":{"start":{"line":13,"column":27},"end":{"line":35,"column":1}},"10":{"start":{"line":15,"column":19},"end":{"line":15,"column":40}},"11":{"start":{"line":16,"column":2},"end":{"line":18,"column":3}},"12":{"start":{"line":17,"column":4},"end":{"line":17,"column":21}},"13":{"start":{"line":19,"column":24},"end":{"line":19,"column":50}},"14":{"start":{"line":21,"column":2},"end":{"line":29,"column":4}},"15":{"start":{"line":30,"column":2},"end":{"line":34,"column":5}},"16":{"start":{"line":36,"column":24},"end":{"line":38,"column":1}},"17":{"start":{"line":37,"column":2},"end":{"line":37,"column":64}},"18":{"start":{"line":39,"column":0},"end":{"line":39,"column":81}}},"fnMap":{"0":{"name":"(anonymous_0)","decl":{"start":{"line":3,"column":2},"end":{"line":3,"column":3}},"loc":{"start":{"line":3,"column":57},"end":{"line":9,"column":3}},"line":3},"1":{"name":"(anonymous_1)","decl":{"start":{"line":11,"column":21},"end":{"line":11,"column":22}},"loc":{"start":{"line":11,"column":29},"end":{"line":12,"column":49}},"line":11},"2":{"name":"(anonymous_2)","decl":{"start":{"line":11,"column":29},"end":{"line":11,"column":30}},"loc":{"start":{"line":12,"column":2},"end":{"line":12,"column":49}},"line":12},"3":{"name":"(anonymous_3)","decl":{"start":{"line":13,"column":27},"end":{"line":13,"column":28}},"loc":{"start":{"line":13,"column":52},"end":{"line":35,"column":1}},"line":13},"4":{"name":"(anonymous_4)","decl":{"start":{"line":36,"column":24},"end":{"line":36,"column":25}},"loc":{"start":{"line":36,"column":44},"end":{"line":38,"column":1}},"line":36}},"branchMap":{"0":{"loc":{"start":{"line":3,"column":23},"end":{"line":3,"column":39}},"type":"default-arg","locations":[{"start":{"line":3,"column":36},"end":{"line":3,"column":39}}],"line":3},"1":{"loc":{"start":{"line":3,"column":41},"end":{"line":3,"column":55}},"type":"default-arg","locations":[{"start":{"line":3,"column":51},"end":{"line":3,"column":55}}],"line":3},"2":{"loc":{"start":{"line":15,"column":19},"end":{"line":15,"column":40}},"type":"binary-expr","locations":[{"start":{"line":15,"column":19},"end":{"line":15,"column":33}},{"start":{"line":15,"column":37},"end":{"line":15,"column":40}}],"line":15},"3":{"loc":{"start":{"line":16,"column":2},"end":{"line":18,"column":3}},"type":"if","locations":[{"start":{"line":16,"column":2},"end":{"line":18,"column":3}},{"start":{},"end":{}}],"line":16},"4":{"loc":{"start":{"line":16,"column":6},"end":{"line":16,"column":42}},"type":"binary-expr","locations":[{"start":{"line":16,"column":6},"end":{"line":16,"column":22}},{"start":{"line":16,"column":26},"end":{"line":16,"column":42}}],"line":16},"5":{"loc":{"start":{"line":19,"column":24},"end":{"line":19,"column":50}},"type":"binary-expr","locations":[{"start":{"line":19,"column":24},"end":{"line":19,"column":41}},{"start":{"line":19,"column":45},"end":{"line":19,"column":50}}],"line":19},"6":{"loc":{"start":{"line":32,"column":13},"end":{"line":32,"column":66}},"type":"cond-expr","locations":[{"start":{"line":32,"column":29},"end":{"line":32,"column":40}},{"start":{"line":32,"column":43},"end":{"line":32,"column":66}}],"line":32},"7":{"loc":{"start":{"line":33,"column":8},"end":{"line":33,"column":70}},"type":"binary-expr","locations":[{"start":{"line":33,"column":8},"end":{"line":33,"column":46}},{"start":{"line":33,"column":50},"end":{"line":33,"column":70}}],"line":33}},"s":{"0":1,"1":14,"2":14,"3":14,"4":14,"5":14,"6":1,"7":9,"8":73,"9":1,"10":11,"11":11,"12":0,"13":11,"14":11,"15":11,"16":1,"17":0,"18":1},"f":{"0":14,"1":9,"2":73,"3":11,"4":0},"b":{"0":[0],"1":[14],"2":[11,0],"3":[0,11],"4":[11,11],"5":[11,0],"6":[11,0],"7":[11,0]},"_coverageSchema":"1a1c01bbd47fc00a2c39e90264f33305004495a9","hash":"227cded1820b5effa8efb4c850fff52ebf5f4059","contentHash":"22bcb8afc7c56abc8525d6a4e68efb009fb285c698d279522b2b480e49e71045"},"C:\\Users\\User\\cohort-9-mern-7844-areeba\\backend\\src\\routes\\authRoutes.js":{"path":"C:\\Users\\User\\cohort-9-mern-7844-areeba\\backend\\src\\routes\\authRoutes.js","statementMap":{"0":{"start":{"line":1,"column":16},"end":{"line":1,"column":34}},"1":{"start":{"line":2,"column":43},"end":{"line":2,"column":83}},"2":{"start":{"line":3,"column":20},"end":{"line":3,"column":59}},"3":{"start":{"line":5,"column":15},"end":{"line":5,"column":31}},"4":{"start":{"line":7,"column":0},"end":{"line":7,"column":35}},"5":{"start":{"line":8,"column":0},"end":{"line":8,"column":29}},"6":{"start":{"line":9,"column":0},"end":{"line":9,"column":34}},"7":{"start":{"line":11,"column":0},"end":{"line":11,"column":24}}},"fnMap":{},"branchMap":{},"s":{"0":1,"1":1,"2":1,"3":1,"4":1,"5":1,"6":1,"7":1},"f":{},"b":{},"_coverageSchema":"1a1c01bbd47fc00a2c39e90264f33305004495a9","hash":"fcb20f31fe58063d302478881eebdd2dd314386b","contentHash":"53630f0e4ab46a7be065682987fe1acd9ba0443353a2a62a21d1af16ff37e41a"},"C:\\Users\\User\\cohort-9-mern-7844-areeba\\backend\\src\\controllers\\authController.js":{"path":"C:\\Users\\User\\cohort-9-mern-7844-areeba\\backend\\src\\controllers\\authController.js","statementMap":{"0":{"start":{"line":1,"column":34},"end":{"line":1,"column":71}},"1":{"start":{"line":2,"column":20},"end":{"line":2,"column":54}},"2":{"start":{"line":4,"column":17},"end":{"line":14,"column":2}},"3":{"start":{"line":5,"column":36},"end":{"line":5,"column":44}},"4":{"start":{"line":6,"column":2},"end":{"line":8,"column":3}},"5":{"start":{"line":7,"column":4},"end":{"line":7,"column":93}},"6":{"start":{"line":9,"column":26},"end":{"line":9,"column":83}},"7":{"start":{"line":10,"column":2},"end":{"line":13,"column":5}},"8":{"start":{"line":16,"column":14},"end":{"line":27,"column":2}},"9":{"start":{"line":17,"column":30},"end":{"line":17,"column":38}},"10":{"start":{"line":18,"column":2},"end":{"line":20,"column":3}},"11":{"start":{"line":19,"column":4},"end":{"line":19,"column":70}},"12":{"start":{"line":21,"column":26},"end":{"line":21,"column":74}},"13":{"start":{"line":23,"column":2},"end":{"line":26,"column":5}},"14":{"start":{"line":29,"column":14},"end":{"line":34,"column":2}},"15":{"start":{"line":30,"column":2},"end":{"line":33,"column":5}},"16":{"start":{"line":36,"column":0},"end":{"line":36,"column":44}}},"fnMap":{"0":{"name":"(anonymous_0)","decl":{"start":{"line":4,"column":30},"end":{"line":4,"column":31}},"loc":{"start":{"line":4,"column":50},"end":{"line":14,"column":1}},"line":4},"1":{"name":"(anonymous_1)","decl":{"start":{"line":16,"column":27},"end":{"line":16,"column":28}},"loc":{"start":{"line":16,"column":47},"end":{"line":27,"column":1}},"line":16},"2":{"name":"(anonymous_2)","decl":{"start":{"line":29,"column":27},"end":{"line":29,"column":28}},"loc":{"start":{"line":29,"column":47},"end":{"line":34,"column":1}},"line":29}},"branchMap":{"0":{"loc":{"start":{"line":6,"column":2},"end":{"line":8,"column":3}},"type":"if","locations":[{"start":{"line":6,"column":2},"end":{"line":8,"column":3}},{"start":{},"end":{}}],"line":6},"1":{"loc":{"start":{"line":6,"column":6},"end":{"line":6,"column":34}},"type":"binary-expr","locations":[{"start":{"line":6,"column":6},"end":{"line":6,"column":11}},{"start":{"line":6,"column":15},"end":{"line":6,"column":21}},{"start":{"line":6,"column":25},"end":{"line":6,"column":34}}],"line":6},"2":{"loc":{"start":{"line":18,"column":2},"end":{"line":20,"column":3}},"type":"if","locations":[{"start":{"line":18,"column":2},"end":{"line":20,"column":3}},{"start":{},"end":{}}],"line":18},"3":{"loc":{"start":{"line":18,"column":6},"end":{"line":18,"column":25}},"type":"binary-expr","locations":[{"start":{"line":18,"column":6},"end":{"line":18,"column":12}},{"start":{"line":18,"column":16},"end":{"line":18,"column":25}}],"line":18}},"s":{"0":1,"1":1,"2":1,"3":28,"4":28,"5":0,"6":28,"7":27,"8":1,"9":2,"10":2,"11":0,"12":2,"13":1,"14":1,"15":1,"16":1},"f":{"0":28,"1":2,"2":1},"b":{"0":[0,28],"1":[28,28,28],"2":[0,2],"3":[2,2]},"_coverageSchema":"1a1c01bbd47fc00a2c39e90264f33305004495a9","hash":"01f83e765eed5de534c0940ce22946512bb72608","contentHash":"106109c56c48bf71e94c7d6dbb0f30802e839aa023a8882248fa72bc0ee2949e"},"C:\\Users\\User\\cohort-9-mern-7844-areeba\\backend\\src\\services\\authService.js":{"path":"C:\\Users\\User\\cohort-9-mern-7844-areeba\\backend\\src\\services\\authService.js","statementMap":{"0":{"start":{"line":1,"column":12},"end":{"line":1,"column":35}},"1":{"start":{"line":2,"column":13},"end":{"line":2,"column":38}},"2":{"start":{"line":3,"column":21},"end":{"line":3,"column":58}},"3":{"start":{"line":5,"column":22},"end":{"line":9,"column":1}},"4":{"start":{"line":6,"column":2},"end":{"line":8,"column":5}},"5":{"start":{"line":11,"column":21},"end":{"line":31,"column":1}},"6":{"start":{"line":12,"column":2},"end":{"line":30,"column":3}},"7":{"start":{"line":13,"column":25},"end":{"line":13,"column":54}},"8":{"start":{"line":14,"column":4},"end":{"line":16,"column":5}},"9":{"start":{"line":15,"column":6},"end":{"line":15,"column":75}},"10":{"start":{"line":18,"column":17},"end":{"line":18,"column":61}},"11":{"start":{"line":19,"column":18},"end":{"line":19,"column":41}},"12":{"start":{"line":21,"column":4},"end":{"line":21,"column":27}},"13":{"start":{"line":23,"column":4},"end":{"line":25,"column":5}},"14":{"start":{"line":24,"column":6},"end":{"line":24,"column":75}},"15":{"start":{"line":26,"column":4},"end":{"line":28,"column":5}},"16":{"start":{"line":27,"column":6},"end":{"line":27,"column":43}},"17":{"start":{"line":29,"column":4},"end":{"line":29,"column":14}},"18":{"start":{"line":33,"column":18},"end":{"line":46,"column":1}},"19":{"start":{"line":34,"column":15},"end":{"line":34,"column":64}},"20":{"start":{"line":35,"column":2},"end":{"line":37,"column":3}},"21":{"start":{"line":36,"column":4},"end":{"line":36,"column":57}},"22":{"start":{"line":39,"column":18},"end":{"line":39,"column":54}},"23":{"start":{"line":40,"column":2},"end":{"line":42,"column":3}},"24":{"start":{"line":41,"column":4},"end":{"line":41,"column":57}},"25":{"start":{"line":44,"column":16},"end":{"line":44,"column":39}},"26":{"start":{"line":45,"column":2},"end":{"line":45,"column":25}},"27":{"start":{"line":48,"column":0},"end":{"line":48,"column":60}}},"fnMap":{"0":{"name":"(anonymous_0)","decl":{"start":{"line":5,"column":22},"end":{"line":5,"column":23}},"loc":{"start":{"line":5,"column":34},"end":{"line":9,"column":1}},"line":5},"1":{"name":"(anonymous_1)","decl":{"start":{"line":11,"column":21},"end":{"line":11,"column":22}},"loc":{"start":{"line":11,"column":58},"end":{"line":31,"column":1}},"line":11},"2":{"name":"(anonymous_2)","decl":{"start":{"line":33,"column":18},"end":{"line":33,"column":19}},"loc":{"start":{"line":33,"column":49},"end":{"line":46,"column":1}},"line":33}},"branchMap":{"0":{"loc":{"start":{"line":7,"column":15},"end":{"line":7,"column":49}},"type":"binary-expr","locations":[{"start":{"line":7,"column":15},"end":{"line":7,"column":41}},{"start":{"line":7,"column":45},"end":{"line":7,"column":49}}],"line":7},"1":{"loc":{"start":{"line":14,"column":4},"end":{"line":16,"column":5}},"type":"if","locations":[{"start":{"line":14,"column":4},"end":{"line":16,"column":5}},{"start":{},"end":{}}],"line":14},"2":{"loc":{"start":{"line":23,"column":4},"end":{"line":25,"column":5}},"type":"if","locations":[{"start":{"line":23,"column":4},"end":{"line":25,"column":5}},{"start":{},"end":{}}],"line":23},"3":{"loc":{"start":{"line":26,"column":4},"end":{"line":28,"column":5}},"type":"if","locations":[{"start":{"line":26,"column":4},"end":{"line":28,"column":5}},{"start":{},"end":{}}],"line":26},"4":{"loc":{"start":{"line":35,"column":2},"end":{"line":37,"column":3}},"type":"if","locations":[{"start":{"line":35,"column":2},"end":{"line":37,"column":3}},{"start":{},"end":{}}],"line":35},"5":{"loc":{"start":{"line":40,"column":2},"end":{"line":42,"column":3}},"type":"if","locations":[{"start":{"line":40,"column":2},"end":{"line":42,"column":3}},{"start":{},"end":{}}],"line":40}},"s":{"0":1,"1":1,"2":1,"3":1,"4":34,"5":1,"6":34,"7":34,"8":34,"9":2,"10":32,"11":32,"12":32,"13":2,"14":0,"15":2,"16":0,"17":2,"18":1,"19":5,"20":5,"21":1,"22":4,"23":4,"24":2,"25":2,"26":2,"27":1},"f":{"0":34,"1":34,"2":5},"b":{"0":[34,0],"1":[2,32],"2":[0,2],"3":[0,2],"4":[1,4],"5":[2,2]},"_coverageSchema":"1a1c01bbd47fc00a2c39e90264f33305004495a9","hash":"b62cf10b2a5cb608bf93d374761133c1af4acee3","contentHash":"35ca0b394f1b00eed9196450d35efb5ed98c42d7597386b0b76363d24cedd938"},"C:\\Users\\User\\cohort-9-mern-7844-areeba\\backend\\src\\models\\User.js":{"path":"C:\\Users\\User\\cohort-9-mern-7844-areeba\\backend\\src\\models\\User.js","statementMap":{"0":{"start":{"line":1,"column":17},"end":{"line":1,"column":36}},"1":{"start":{"line":2,"column":15},"end":{"line":2,"column":34}},"2":{"start":{"line":4,"column":19},"end":{"line":38,"column":1}},"3":{"start":{"line":28,"column":10},"end":{"line":30,"column":11}},"4":{"start":{"line":29,"column":12},"end":{"line":29,"column":44}},"5":{"start":{"line":31,"column":10},"end":{"line":31,"column":56}},"6":{"start":{"line":40,"column":0},"end":{"line":49,"column":3}},"7":{"start":{"line":41,"column":2},"end":{"line":41,"column":43}},"8":{"start":{"line":41,"column":36},"end":{"line":41,"column":43}},"9":{"start":{"line":43,"column":2},"end":{"line":48,"column":3}},"10":{"start":{"line":44,"column":17},"end":{"line":44,"column":41}},"11":{"start":{"line":45,"column":4},"end":{"line":45,"column":59}},"12":{"start":{"line":47,"column":4},"end":{"line":47,"column":14}},"13":{"start":{"line":51,"column":0},"end":{"line":53,"column":2}},"14":{"start":{"line":52,"column":2},"end":{"line":52,"column":58}},"15":{"start":{"line":55,"column":0},"end":{"line":59,"column":2}},"16":{"start":{"line":56,"column":14},"end":{"line":56,"column":29}},"17":{"start":{"line":57,"column":2},"end":{"line":57,"column":22}},"18":{"start":{"line":58,"column":2},"end":{"line":58,"column":13}},"19":{"start":{"line":61,"column":0},"end":{"line":61,"column":52}}},"fnMap":{"0":{"name":"(anonymous_0)","decl":{"start":{"line":27,"column":19},"end":{"line":27,"column":20}},"loc":{"start":{"line":27,"column":35},"end":{"line":32,"column":9}},"line":27},"1":{"name":"hashPassword","decl":{"start":{"line":40,"column":38},"end":{"line":40,"column":50}},"loc":{"start":{"line":40,"column":53},"end":{"line":49,"column":1}},"line":40},"2":{"name":"comparePassword","decl":{"start":{"line":51,"column":52},"end":{"line":51,"column":67}},"loc":{"start":{"line":51,"column":87},"end":{"line":53,"column":1}},"line":51},"3":{"name":"toJSON","decl":{"start":{"line":55,"column":37},"end":{"line":55,"column":43}},"loc":{"start":{"line":55,"column":46},"end":{"line":59,"column":1}},"line":55}},"branchMap":{"0":{"loc":{"start":{"line":28,"column":10},"end":{"line":30,"column":11}},"type":"if","locations":[{"start":{"line":28,"column":10},"end":{"line":30,"column":11}},{"start":{},"end":{}}],"line":28},"1":{"loc":{"start":{"line":41,"column":2},"end":{"line":41,"column":43}},"type":"if","locations":[{"start":{"line":41,"column":2},"end":{"line":41,"column":43}},{"start":{},"end":{}}],"line":41}},"s":{"0":1,"1":1,"2":1,"3":32,"4":32,"5":0,"6":1,"7":32,"8":0,"9":32,"10":32,"11":32,"12":0,"13":1,"14":4,"15":1,"16":29,"17":29,"18":29,"19":1},"f":{"0":32,"1":32,"2":4,"3":29},"b":{"0":[32,0],"1":[0,32]},"_coverageSchema":"1a1c01bbd47fc00a2c39e90264f33305004495a9","hash":"20c3f884c94e0b9a979227c5886b410e3f051284","contentHash":"9f313140cf3d956c1cacf18696efd5a0ab5c75d8570fb6496cd7bbb0e795abfe"},"C:\\Users\\User\\cohort-9-mern-7844-areeba\\backend\\src\\middleware\\authMiddleware.js":{"path":"C:\\Users\\User\\cohort-9-mern-7844-areeba\\backend\\src\\middleware\\authMiddleware.js","statementMap":{"0":{"start":{"line":1,"column":12},"end":{"line":1,"column":35}},"1":{"start":{"line":2,"column":13},"end":{"line":2,"column":38}},"2":{"start":{"line":3,"column":35},"end":{"line":3,"column":60}},"3":{"start":{"line":5,"column":16},"end":{"line":31,"column":2}},"4":{"start":{"line":7,"column":21},"end":{"line":7,"column":46}},"5":{"start":{"line":9,"column":2},"end":{"line":11,"column":3}},"6":{"start":{"line":10,"column":4},"end":{"line":10,"column":37}},"7":{"start":{"line":13,"column":2},"end":{"line":15,"column":3}},"8":{"start":{"line":14,"column":4},"end":{"line":14,"column":65}},"9":{"start":{"line":18,"column":2},"end":{"line":22,"column":3}},"10":{"start":{"line":19,"column":4},"end":{"line":19,"column":56}},"11":{"start":{"line":21,"column":4},"end":{"line":21,"column":72}},"12":{"start":{"line":24,"column":15},"end":{"line":24,"column":46}},"13":{"start":{"line":25,"column":2},"end":{"line":27,"column":3}},"14":{"start":{"line":26,"column":4},"end":{"line":26,"column":77}},"15":{"start":{"line":29,"column":2},"end":{"line":29,"column":18}},"16":{"start":{"line":30,"column":2},"end":{"line":30,"column":9}},"17":{"start":{"line":33,"column":0},"end":{"line":33,"column":29}}},"fnMap":{"0":{"name":"(anonymous_0)","decl":{"start":{"line":5,"column":29},"end":{"line":5,"column":30}},"loc":{"start":{"line":5,"column":55},"end":{"line":31,"column":1}},"line":5}},"branchMap":{"0":{"loc":{"start":{"line":9,"column":2},"end":{"line":11,"column":3}},"type":"if","locations":[{"start":{"line":9,"column":2},"end":{"line":11,"column":3}},{"start":{},"end":{}}],"line":9},"1":{"loc":{"start":{"line":9,"column":6},"end":{"line":9,"column":52}},"type":"binary-expr","locations":[{"start":{"line":9,"column":6},"end":{"line":9,"column":16}},{"start":{"line":9,"column":20},"end":{"line":9,"column":52}}],"line":9},"2":{"loc":{"start":{"line":13,"column":2},"end":{"line":15,"column":3}},"type":"if","locations":[{"start":{"line":13,"column":2},"end":{"line":15,"column":3}},{"start":{},"end":{}}],"line":13},"3":{"loc":{"start":{"line":25,"column":2},"end":{"line":27,"column":3}},"type":"if","locations":[{"start":{"line":25,"column":2},"end":{"line":27,"column":3}},{"start":{},"end":{}}],"line":25}},"s":{"0":1,"1":1,"2":1,"3":1,"4":23,"5":23,"6":21,"7":23,"8":2,"9":21,"10":21,"11":1,"12":20,"13":20,"14":0,"15":20,"16":20,"17":1},"f":{"0":23},"b":{"0":[21,2],"1":[23,21],"2":[2,21],"3":[0,20]},"_coverageSchema":"1a1c01bbd47fc00a2c39e90264f33305004495a9","hash":"5edd3ea3298ab5441bab651f227e64bf2f42ce0c","contentHash":"ffb39f44345c6fe8e657780803e87b4fde049de8ebcaa79017a6ed501a44239f"},"C:\\Users\\User\\cohort-9-mern-7844-areeba\\backend\\src\\routes\\noteRoutes.js":{"path":"C:\\Users\\User\\cohort-9-mern-7844-areeba\\backend\\src\\routes\\noteRoutes.js","statementMap":{"0":{"start":{"line":1,"column":16},"end":{"line":1,"column":34}},"1":{"start":{"line":8,"column":4},"end":{"line":8,"column":44}},"2":{"start":{"line":9,"column":20},"end":{"line":9,"column":59}},"3":{"start":{"line":11,"column":15},"end":{"line":11,"column":31}},"4":{"start":{"line":13,"column":0},"end":{"line":13,"column":20}},"5":{"start":{"line":14,"column":0},"end":{"line":14,"column":29}},"6":{"start":{"line":15,"column":0},"end":{"line":15,"column":26}},"7":{"start":{"line":16,"column":0},"end":{"line":16,"column":28}},"8":{"start":{"line":17,"column":0},"end":{"line":17,"column":33}},"9":{"start":{"line":18,"column":0},"end":{"line":18,"column":34}},"10":{"start":{"line":20,"column":0},"end":{"line":20,"column":24}}},"fnMap":{},"branchMap":{},"s":{"0":1,"1":1,"2":1,"3":1,"4":1,"5":1,"6":1,"7":1,"8":1,"9":1,"10":1},"f":{},"b":{},"_coverageSchema":"1a1c01bbd47fc00a2c39e90264f33305004495a9","hash":"be501ba14e97e1a8d9884ab5397737424c841a42","contentHash":"3dedfd9232e9b51c8edbe6222f7ef6abc89553d4e83eb7be49cd5ba502028970"},"C:\\Users\\User\\cohort-9-mern-7844-areeba\\backend\\src\\controllers\\noteController.js":{"path":"C:\\Users\\User\\cohort-9-mern-7844-areeba\\backend\\src\\controllers\\noteController.js","statementMap":{"0":{"start":{"line":1,"column":35},"end":{"line":1,"column":72}},"1":{"start":{"line":2,"column":20},"end":{"line":2,"column":54}},"2":{"start":{"line":4,"column":19},"end":{"line":32,"column":2}},"3":{"start":{"line":5,"column":42},"end":{"line":5,"column":50}},"4":{"start":{"line":7,"column":2},"end":{"line":9,"column":3}},"5":{"start":{"line":8,"column":4},"end":{"line":8,"column":80}},"6":{"start":{"line":11,"column":2},"end":{"line":13,"column":3}},"7":{"start":{"line":12,"column":4},"end":{"line":12,"column":69}},"8":{"start":{"line":15,"column":2},"end":{"line":17,"column":3}},"9":{"start":{"line":16,"column":4},"end":{"line":16,"column":56}},"10":{"start":{"line":19,"column":2},"end":{"line":23,"column":3}},"11":{"start":{"line":20,"column":4},"end":{"line":22,"column":5}},"12":{"start":{"line":20,"column":53},"end":{"line":20,"column":76}},"13":{"start":{"line":21,"column":6},"end":{"line":21,"column":66}},"14":{"start":{"line":25,"column":15},"end":{"line":25,"column":90}},"15":{"start":{"line":27,"column":2},"end":{"line":31,"column":5}},"16":{"start":{"line":34,"column":17},"end":{"line":41,"column":2}},"17":{"start":{"line":35,"column":16},"end":{"line":35,"column":63}},"18":{"start":{"line":37,"column":2},"end":{"line":40,"column":5}},"19":{"start":{"line":43,"column":16},"end":{"line":50,"column":2}},"20":{"start":{"line":44,"column":15},"end":{"line":44,"column":73}},"21":{"start":{"line":46,"column":2},"end":{"line":49,"column":5}},"22":{"start":{"line":52,"column":19},"end":{"line":60,"column":2}},"23":{"start":{"line":53,"column":15},"end":{"line":53,"column":82}},"24":{"start":{"line":55,"column":2},"end":{"line":59,"column":5}},"25":{"start":{"line":62,"column":19},"end":{"line":69,"column":2}},"26":{"start":{"line":63,"column":2},"end":{"line":63,"column":60}},"27":{"start":{"line":65,"column":2},"end":{"line":68,"column":5}},"28":{"start":{"line":71,"column":0},"end":{"line":71,"column":75}}},"fnMap":{"0":{"name":"(anonymous_0)","decl":{"start":{"line":4,"column":32},"end":{"line":4,"column":33}},"loc":{"start":{"line":4,"column":52},"end":{"line":32,"column":1}},"line":4},"1":{"name":"(anonymous_1)","decl":{"start":{"line":20,"column":44},"end":{"line":20,"column":45}},"loc":{"start":{"line":20,"column":53},"end":{"line":20,"column":76}},"line":20},"2":{"name":"(anonymous_2)","decl":{"start":{"line":34,"column":30},"end":{"line":34,"column":31}},"loc":{"start":{"line":34,"column":50},"end":{"line":41,"column":1}},"line":34},"3":{"name":"(anonymous_3)","decl":{"start":{"line":43,"column":29},"end":{"line":43,"column":30}},"loc":{"start":{"line":43,"column":49},"end":{"line":50,"column":1}},"line":43},"4":{"name":"(anonymous_4)","decl":{"start":{"line":52,"column":32},"end":{"line":52,"column":33}},"loc":{"start":{"line":52,"column":52},"end":{"line":60,"column":1}},"line":52},"5":{"name":"(anonymous_5)","decl":{"start":{"line":62,"column":32},"end":{"line":62,"column":33}},"loc":{"start":{"line":62,"column":52},"end":{"line":69,"column":1}},"line":62}},"branchMap":{"0":{"loc":{"start":{"line":7,"column":2},"end":{"line":9,"column":3}},"type":"if","locations":[{"start":{"line":7,"column":2},"end":{"line":9,"column":3}},{"start":{},"end":{}}],"line":7},"1":{"loc":{"start":{"line":7,"column":6},"end":{"line":7,"column":58}},"type":"binary-expr","locations":[{"start":{"line":7,"column":6},"end":{"line":7,"column":12}},{"start":{"line":7,"column":16},"end":{"line":7,"column":41}},{"start":{"line":7,"column":45},"end":{"line":7,"column":58}}],"line":7},"2":{"loc":{"start":{"line":11,"column":2},"end":{"line":13,"column":3}},"type":"if","locations":[{"start":{"line":11,"column":2},"end":{"line":13,"column":3}},{"start":{},"end":{}}],"line":11},"3":{"loc":{"start":{"line":15,"column":2},"end":{"line":17,"column":3}},"type":"if","locations":[{"start":{"line":15,"column":2},"end":{"line":17,"column":3}},{"start":{},"end":{}}],"line":15},"4":{"loc":{"start":{"line":15,"column":6},"end":{"line":15,"column":58}},"type":"binary-expr","locations":[{"start":{"line":15,"column":6},"end":{"line":15,"column":27}},{"start":{"line":15,"column":31},"end":{"line":15,"column":58}}],"line":15},"5":{"loc":{"start":{"line":19,"column":2},"end":{"line":23,"column":3}},"type":"if","locations":[{"start":{"line":19,"column":2},"end":{"line":23,"column":3}},{"start":{},"end":{}}],"line":19},"6":{"loc":{"start":{"line":20,"column":4},"end":{"line":22,"column":5}},"type":"if","locations":[{"start":{"line":20,"column":4},"end":{"line":22,"column":5}},{"start":{},"end":{}}],"line":20},"7":{"loc":{"start":{"line":20,"column":8},"end":{"line":20,"column":77}},"type":"binary-expr","locations":[{"start":{"line":20,"column":8},"end":{"line":20,"column":28}},{"start":{"line":20,"column":32},"end":{"line":20,"column":77}}],"line":20}},"s":{"0":1,"1":1,"2":1,"3":11,"4":11,"5":2,"6":9,"7":0,"8":9,"9":0,"10":9,"11":0,"12":0,"13":0,"14":9,"15":9,"16":1,"17":1,"18":1,"19":1,"20":3,"21":1,"22":1,"23":3,"24":1,"25":1,"26":1,"27":1,"28":1},"f":{"0":11,"1":0,"2":1,"3":3,"4":3,"5":1},"b":{"0":[2,9],"1":[11,10,10],"2":[0,9],"3":[0,9],"4":[9,1],"5":[0,9],"6":[0,0],"7":[0,0]},"_coverageSchema":"1a1c01bbd47fc00a2c39e90264f33305004495a9","hash":"15bc0d876e56ba2e88676d48570e1c0684eadc8c","contentHash":"7a2ca60e310cd5d35aa8c4e90c608e434e5501cdb97b3870b0cb8bb552c87b58"},"C:\\Users\\User\\cohort-9-mern-7844-areeba\\backend\\src\\services\\noteService.js":{"path":"C:\\Users\\User\\cohort-9-mern-7844-areeba\\backend\\src\\services\\noteService.js","statementMap":{"0":{"start":{"line":1,"column":13},"end":{"line":1,"column":38}},"1":{"start":{"line":2,"column":21},"end":{"line":2,"column":58}},"2":{"start":{"line":4,"column":19},"end":{"line":14,"column":1}},"3":{"start":{"line":5,"column":2},"end":{"line":13,"column":3}},"4":{"start":{"line":6,"column":17},"end":{"line":6,"column":81}},"5":{"start":{"line":7,"column":4},"end":{"line":7,"column":16}},"6":{"start":{"line":9,"column":4},"end":{"line":11,"column":5}},"7":{"start":{"line":10,"column":6},"end":{"line":10,"column":43}},"8":{"start":{"line":12,"column":4},"end":{"line":12,"column":53}},"9":{"start":{"line":16,"column":24},"end":{"line":22,"column":1}},"10":{"start":{"line":17,"column":2},"end":{"line":21,"column":3}},"11":{"start":{"line":18,"column":4},"end":{"line":18,"column":83}},"12":{"start":{"line":20,"column":4},"end":{"line":20,"column":53}},"13":{"start":{"line":24,"column":20},"end":{"line":39,"column":1}},"14":{"start":{"line":26,"column":2},"end":{"line":33,"column":3}},"15":{"start":{"line":27,"column":4},"end":{"line":27,"column":61}},"16":{"start":{"line":29,"column":4},"end":{"line":31,"column":5}},"17":{"start":{"line":30,"column":6},"end":{"line":30,"column":48}},"18":{"start":{"line":32,"column":4},"end":{"line":32,"column":52}},"19":{"start":{"line":35,"column":2},"end":{"line":37,"column":3}},"20":{"start":{"line":36,"column":4},"end":{"line":36,"column":46}},"21":{"start":{"line":38,"column":2},"end":{"line":38,"column":14}},"22":{"start":{"line":41,"column":19},"end":{"line":77,"column":1}},"23":{"start":{"line":42,"column":24},"end":{"line":42,"column":73}},"24":{"start":{"line":43,"column":27},"end":{"line":43,"column":29}},"25":{"start":{"line":45,"column":2},"end":{"line":49,"column":3}},"26":{"start":{"line":46,"column":4},"end":{"line":48,"column":5}},"27":{"start":{"line":47,"column":6},"end":{"line":47,"column":47}},"28":{"start":{"line":51,"column":2},"end":{"line":53,"column":3}},"29":{"start":{"line":52,"column":4},"end":{"line":52,"column":68}},"30":{"start":{"line":56,"column":2},"end":{"line":70,"column":3}},"31":{"start":{"line":57,"column":4},"end":{"line":61,"column":6}},"32":{"start":{"line":63,"column":4},"end":{"line":65,"column":5}},"33":{"start":{"line":64,"column":6},"end":{"line":64,"column":48}},"34":{"start":{"line":66,"column":4},"end":{"line":68,"column":5}},"35":{"start":{"line":67,"column":6},"end":{"line":67,"column":43}},"36":{"start":{"line":69,"column":4},"end":{"line":69,"column":53}},"37":{"start":{"line":72,"column":2},"end":{"line":74,"column":3}},"38":{"start":{"line":73,"column":4},"end":{"line":73,"column":46}},"39":{"start":{"line":76,"column":2},"end":{"line":76,"column":14}},"40":{"start":{"line":79,"column":19},"end":{"line":94,"column":1}},"41":{"start":{"line":81,"column":2},"end":{"line":88,"column":3}},"42":{"start":{"line":82,"column":4},"end":{"line":82,"column":70}},"43":{"start":{"line":84,"column":4},"end":{"line":86,"column":5}},"44":{"start":{"line":85,"column":6},"end":{"line":85,"column":48}},"45":{"start":{"line":87,"column":4},"end":{"line":87,"column":53}},"46":{"start":{"line":90,"column":2},"end":{"line":92,"column":3}},"47":{"start":{"line":91,"column":4},"end":{"line":91,"column":46}},"48":{"start":{"line":93,"column":2},"end":{"line":93,"column":14}},"49":{"start":{"line":96,"column":0},"end":{"line":96,"column":86}}},"fnMap":{"0":{"name":"(anonymous_0)","decl":{"start":{"line":4,"column":19},"end":{"line":4,"column":20}},"loc":{"start":{"line":4,"column":70},"end":{"line":14,"column":1}},"line":4},"1":{"name":"(anonymous_1)","decl":{"start":{"line":16,"column":24},"end":{"line":16,"column":25}},"loc":{"start":{"line":16,"column":42},"end":{"line":22,"column":1}},"line":16},"2":{"name":"(anonymous_2)","decl":{"start":{"line":24,"column":20},"end":{"line":24,"column":21}},"loc":{"start":{"line":24,"column":46},"end":{"line":39,"column":1}},"line":24},"3":{"name":"(anonymous_3)","decl":{"start":{"line":41,"column":19},"end":{"line":41,"column":20}},"loc":{"start":{"line":41,"column":54},"end":{"line":77,"column":1}},"line":41},"4":{"name":"(anonymous_4)","decl":{"start":{"line":79,"column":19},"end":{"line":79,"column":20}},"loc":{"start":{"line":79,"column":45},"end":{"line":94,"column":1}},"line":79}},"branchMap":{"0":{"loc":{"start":{"line":9,"column":4},"end":{"line":11,"column":5}},"type":"if","locations":[{"start":{"line":9,"column":4},"end":{"line":11,"column":5}},{"start":{},"end":{}}],"line":9},"1":{"loc":{"start":{"line":29,"column":4},"end":{"line":31,"column":5}},"type":"if","locations":[{"start":{"line":29,"column":4},"end":{"line":31,"column":5}},{"start":{},"end":{}}],"line":29},"2":{"loc":{"start":{"line":35,"column":2},"end":{"line":37,"column":3}},"type":"if","locations":[{"start":{"line":35,"column":2},"end":{"line":37,"column":3}},{"start":{},"end":{}}],"line":35},"3":{"loc":{"start":{"line":46,"column":4},"end":{"line":48,"column":5}},"type":"if","locations":[{"start":{"line":46,"column":4},"end":{"line":48,"column":5}},{"start":{},"end":{}}],"line":46},"4":{"loc":{"start":{"line":51,"column":2},"end":{"line":53,"column":3}},"type":"if","locations":[{"start":{"line":51,"column":2},"end":{"line":53,"column":3}},{"start":{},"end":{}}],"line":51},"5":{"loc":{"start":{"line":63,"column":4},"end":{"line":65,"column":5}},"type":"if","locations":[{"start":{"line":63,"column":4},"end":{"line":65,"column":5}},{"start":{},"end":{}}],"line":63},"6":{"loc":{"start":{"line":66,"column":4},"end":{"line":68,"column":5}},"type":"if","locations":[{"start":{"line":66,"column":4},"end":{"line":68,"column":5}},{"start":{},"end":{}}],"line":66},"7":{"loc":{"start":{"line":72,"column":2},"end":{"line":74,"column":3}},"type":"if","locations":[{"start":{"line":72,"column":2},"end":{"line":74,"column":3}},{"start":{},"end":{}}],"line":72},"8":{"loc":{"start":{"line":84,"column":4},"end":{"line":86,"column":5}},"type":"if","locations":[{"start":{"line":84,"column":4},"end":{"line":86,"column":5}},{"start":{},"end":{}}],"line":84},"9":{"loc":{"start":{"line":90,"column":2},"end":{"line":92,"column":3}},"type":"if","locations":[{"start":{"line":90,"column":2},"end":{"line":92,"column":3}},{"start":{},"end":{}}],"line":90}},"s":{"0":1,"1":1,"2":1,"3":9,"4":9,"5":9,"6":0,"7":0,"8":0,"9":1,"10":1,"11":1,"12":0,"13":1,"14":3,"15":3,"16":0,"17":0,"18":0,"19":3,"20":2,"21":1,"22":1,"23":3,"24":3,"25":3,"26":15,"27":2,"28":3,"29":1,"30":2,"31":2,"32":0,"33":0,"34":0,"35":0,"36":0,"37":2,"38":1,"39":1,"40":1,"41":1,"42":1,"43":0,"44":0,"45":0,"46":1,"47":0,"48":1,"49":1},"f":{"0":9,"1":1,"2":3,"3":3,"4":1},"b":{"0":[0,0],"1":[0,0],"2":[2,1],"3":[2,13],"4":[1,2],"5":[0,0],"6":[0,0],"7":[1,1],"8":[0,0],"9":[0,1]},"_coverageSchema":"1a1c01bbd47fc00a2c39e90264f33305004495a9","hash":"b5cde8dfd8f9fc28e2b1a25bfa4cfbc2f5335eb1","contentHash":"94824a518eb069529799256dfeb6bd4ce575a76c024fd53473b607817e341e05"},"C:\\Users\\User\\cohort-9-mern-7844-areeba\\backend\\src\\models\\Note.js":{"path":"C:\\Users\\User\\cohort-9-mern-7844-areeba\\backend\\src\\models\\Note.js","statementMap":{"0":{"start":{"line":1,"column":17},"end":{"line":1,"column":36}},"1":{"start":{"line":3,"column":19},"end":{"line":38,"column":1}},"2":{"start":{"line":39,"column":0},"end":{"line":39,"column":45}},"3":{"start":{"line":40,"column":0},"end":{"line":40,"column":52}}},"fnMap":{},"branchMap":{},"s":{"0":1,"1":1,"2":1,"3":1},"f":{},"b":{},"_coverageSchema":"1a1c01bbd47fc00a2c39e90264f33305004495a9","hash":"87aca476459a51447fb7214ea0873eda5a358b8f","contentHash":"7acd473d018e6682944e31d4f71d7df5398d8f37ff55df4893e01e4c2baca45f"}}